[3.074s] Invoking command in '/home/ubuntu/ros2_ws/src/2023_RoboticsAi2TI_goethuys_antoine/publisher_pkg': PYTHONPATH=/home/ubuntu/ros2_ws/src/2023_RoboticsAi2TI_goethuys_antoine/build/publisher_pkg/prefix_override:/home/ubuntu/ros2_ws/src/2023_RoboticsAi2TI_goethuys_antoine/install/publisher_pkg/lib/python3.10/site-packages:${PYTHONPATH} /usr/bin/python3 setup.py egg_info --egg-base ../build/publisher_pkg build --build-base /home/ubuntu/ros2_ws/src/2023_RoboticsAi2TI_goethuys_antoine/build/publisher_pkg/build install --record /home/ubuntu/ros2_ws/src/2023_RoboticsAi2TI_goethuys_antoine/build/publisher_pkg/install.log --single-version-externally-managed
[3.359s] running egg_info
[3.361s] creating ../build/publisher_pkg/publisher_pkg.egg-info
[3.362s] writing ../build/publisher_pkg/publisher_pkg.egg-info/PKG-INFO
[3.362s] writing dependency_links to ../build/publisher_pkg/publisher_pkg.egg-info/dependency_links.txt
[3.363s] writing entry points to ../build/publisher_pkg/publisher_pkg.egg-info/entry_points.txt
[3.363s] writing requirements to ../build/publisher_pkg/publisher_pkg.egg-info/requires.txt
[3.363s] writing top-level names to ../build/publisher_pkg/publisher_pkg.egg-info/top_level.txt
[3.363s] writing manifest file '../build/publisher_pkg/publisher_pkg.egg-info/SOURCES.txt'
[3.365s] reading manifest file '../build/publisher_pkg/publisher_pkg.egg-info/SOURCES.txt'
[3.366s] writing manifest file '../build/publisher_pkg/publisher_pkg.egg-info/SOURCES.txt'
[3.366s] running build
[3.366s] running build_py
[3.366s] creating /home/ubuntu/ros2_ws/src/2023_RoboticsAi2TI_goethuys_antoine/build/publisher_pkg/build
[3.366s] creating /home/ubuntu/ros2_ws/src/2023_RoboticsAi2TI_goethuys_antoine/build/publisher_pkg/build/lib
[3.366s] creating /home/ubuntu/ros2_ws/src/2023_RoboticsAi2TI_goethuys_antoine/build/publisher_pkg/build/lib/publisher_pkg
[3.366s] copying publisher_pkg/simple_publisher.py -> /home/ubuntu/ros2_ws/src/2023_RoboticsAi2TI_goethuys_antoine/build/publisher_pkg/build/lib/publisher_pkg
[3.366s] copying publisher_pkg/__init__.py -> /home/ubuntu/ros2_ws/src/2023_RoboticsAi2TI_goethuys_antoine/build/publisher_pkg/build/lib/publisher_pkg
[3.367s] running install
[3.367s] running install_lib
[3.368s] creating /home/ubuntu/ros2_ws/src/2023_RoboticsAi2TI_goethuys_antoine/install/publisher_pkg/lib/python3.10/site-packages/publisher_pkg
[3.368s] copying /home/ubuntu/ros2_ws/src/2023_RoboticsAi2TI_goethuys_antoine/build/publisher_pkg/build/lib/publisher_pkg/simple_publisher.py -> /home/ubuntu/ros2_ws/src/2023_RoboticsAi2TI_goethuys_antoine/install/publisher_pkg/lib/python3.10/site-packages/publisher_pkg
[3.368s] copying /home/ubuntu/ros2_ws/src/2023_RoboticsAi2TI_goethuys_antoine/build/publisher_pkg/build/lib/publisher_pkg/__init__.py -> /home/ubuntu/ros2_ws/src/2023_RoboticsAi2TI_goethuys_antoine/install/publisher_pkg/lib/python3.10/site-packages/publisher_pkg
[3.369s] byte-compiling /home/ubuntu/ros2_ws/src/2023_RoboticsAi2TI_goethuys_antoine/install/publisher_pkg/lib/python3.10/site-packages/publisher_pkg/simple_publisher.py to simple_publisher.cpython-310.pyc
[3.369s] byte-compiling /home/ubuntu/ros2_ws/src/2023_RoboticsAi2TI_goethuys_antoine/install/publisher_pkg/lib/python3.10/site-packages/publisher_pkg/__init__.py to __init__.cpython-310.pyc
[3.369s] running install_data
[3.370s] creating /home/ubuntu/ros2_ws/src/2023_RoboticsAi2TI_goethuys_antoine/install/publisher_pkg/share/ament_index
[3.370s] creating /home/ubuntu/ros2_ws/src/2023_RoboticsAi2TI_goethuys_antoine/install/publisher_pkg/share/ament_index/resource_index
[3.370s] creating /home/ubuntu/ros2_ws/src/2023_RoboticsAi2TI_goethuys_antoine/install/publisher_pkg/share/ament_index/resource_index/packages
[3.370s] copying resource/publisher_pkg -> /home/ubuntu/ros2_ws/src/2023_RoboticsAi2TI_goethuys_antoine/install/publisher_pkg/share/ament_index/resource_index/packages
[3.370s] copying package.xml -> /home/ubuntu/ros2_ws/src/2023_RoboticsAi2TI_goethuys_antoine/install/publisher_pkg/share/publisher_pkg
[3.370s] copying launch/publisher_pkg_launch_file.launch.py -> /home/ubuntu/ros2_ws/src/2023_RoboticsAi2TI_goethuys_antoine/install/publisher_pkg/share/publisher_pkg
[3.370s] running install_egg_info
[3.372s] Copying ../build/publisher_pkg/publisher_pkg.egg-info to /home/ubuntu/ros2_ws/src/2023_RoboticsAi2TI_goethuys_antoine/install/publisher_pkg/lib/python3.10/site-packages/publisher_pkg-0.0.0-py3.10.egg-info
[3.373s] running install_scripts
[3.399s] Installing simple_publisher script to /home/ubuntu/ros2_ws/src/2023_RoboticsAi2TI_goethuys_antoine/install/publisher_pkg/lib/publisher_pkg
[3.399s] writing list of installed files to '/home/ubuntu/ros2_ws/src/2023_RoboticsAi2TI_goethuys_antoine/build/publisher_pkg/install.log'
