running egg_info
writing ../build/emergency_stop_pkg/emergency_stop_pkg.egg-info/PKG-INFO
writing dependency_links to ../build/emergency_stop_pkg/emergency_stop_pkg.egg-info/dependency_links.txt
writing entry points to ../build/emergency_stop_pkg/emergency_stop_pkg.egg-info/entry_points.txt
writing requirements to ../build/emergency_stop_pkg/emergency_stop_pkg.egg-info/requires.txt
writing top-level names to ../build/emergency_stop_pkg/emergency_stop_pkg.egg-info/top_level.txt
reading manifest file '../build/emergency_stop_pkg/emergency_stop_pkg.egg-info/SOURCES.txt'
writing manifest file '../build/emergency_stop_pkg/emergency_stop_pkg.egg-info/SOURCES.txt'
running build
running build_py
running install
running install_lib
running install_data
copying resource/emergency_stop_pkg -> /home/ubuntu/ros2_ws/src/2023_RoboticsAi2TI_goethuys_antoine/install/emergency_stop_pkg/share/ament_index/resource_index/packages
copying package.xml -> /home/ubuntu/ros2_ws/src/2023_RoboticsAi2TI_goethuys_antoine/install/emergency_stop_pkg/share/emergency_stop_pkg
copying launch/emergency_stop_pkg_launch_file.launch.py -> /home/ubuntu/ros2_ws/src/2023_RoboticsAi2TI_goethuys_antoine/install/emergency_stop_pkg/share/emergency_stop_pkg
running install_egg_info
Copying ../build/emergency_stop_pkg/emergency_stop_pkg.egg-info to /home/ubuntu/ros2_ws/src/2023_RoboticsAi2TI_goethuys_antoine/install/emergency_stop_pkg/lib/python3.10/site-packages/emergency_stop_pkg-0.0.0-py3.10.egg-info
running install_scripts
Installing emergency_stop script to /home/ubuntu/ros2_ws/src/2023_RoboticsAi2TI_goethuys_antoine/install/emergency_stop_pkg/lib/subpub_pkg
writing list of installed files to '/home/ubuntu/ros2_ws/src/2023_RoboticsAi2TI_goethuys_antoine/build/emergency_stop_pkg/install.log'
