[3.132s] Invoking command in '/home/ubuntu/ros2_ws/src/2023_RoboticsAi2TI_goethuys_antoine/path_pkg': PYTHONPATH=/home/ubuntu/ros2_ws/src/2023_RoboticsAi2TI_goethuys_antoine/build/path_pkg/prefix_override:/home/ubuntu/ros2_ws/src/2023_RoboticsAi2TI_goethuys_antoine/install/path_pkg/lib/python3.10/site-packages:${PYTHONPATH} /usr/bin/python3 setup.py egg_info --egg-base ../build/path_pkg build --build-base /home/ubuntu/ros2_ws/src/2023_RoboticsAi2TI_goethuys_antoine/build/path_pkg/build install --record /home/ubuntu/ros2_ws/src/2023_RoboticsAi2TI_goethuys_antoine/build/path_pkg/install.log --single-version-externally-managed
[3.388s] running egg_info
[3.389s] writing ../build/path_pkg/path_pkg.egg-info/PKG-INFO
[3.389s] writing dependency_links to ../build/path_pkg/path_pkg.egg-info/dependency_links.txt
[3.389s] writing entry points to ../build/path_pkg/path_pkg.egg-info/entry_points.txt
[3.389s] writing requirements to ../build/path_pkg/path_pkg.egg-info/requires.txt
[3.389s] writing top-level names to ../build/path_pkg/path_pkg.egg-info/top_level.txt
[3.391s] reading manifest file '../build/path_pkg/path_pkg.egg-info/SOURCES.txt'
[3.392s] writing manifest file '../build/path_pkg/path_pkg.egg-info/SOURCES.txt'
[3.392s] running build
[3.393s] running build_py
[3.393s] running install
[3.393s] running install_lib
[3.395s] running install_data
[3.395s] running install_egg_info
[3.397s] removing '/home/ubuntu/ros2_ws/src/2023_RoboticsAi2TI_goethuys_antoine/install/path_pkg/lib/python3.10/site-packages/path_pkg-0.0.0-py3.10.egg-info' (and everything under it)
[3.398s] Copying ../build/path_pkg/path_pkg.egg-info to /home/ubuntu/ros2_ws/src/2023_RoboticsAi2TI_goethuys_antoine/install/path_pkg/lib/python3.10/site-packages/path_pkg-0.0.0-py3.10.egg-info
[3.398s] running install_scripts
[3.424s] Installing path script to /home/ubuntu/ros2_ws/src/2023_RoboticsAi2TI_goethuys_antoine/install/path_pkg/lib/path_pkg
[3.425s] writing list of installed files to '/home/ubuntu/ros2_ws/src/2023_RoboticsAi2TI_goethuys_antoine/build/path_pkg/install.log'
[3.535s] Invoked command in '/home/ubuntu/ros2_ws/src/2023_RoboticsAi2TI_goethuys_antoine/path_pkg' returned '0': PYTHONPATH=/home/ubuntu/ros2_ws/src/2023_RoboticsAi2TI_goethuys_antoine/build/path_pkg/prefix_override:/home/ubuntu/ros2_ws/src/2023_RoboticsAi2TI_goethuys_antoine/install/path_pkg/lib/python3.10/site-packages:${PYTHONPATH} /usr/bin/python3 setup.py egg_info --egg-base ../build/path_pkg build --build-base /home/ubuntu/ros2_ws/src/2023_RoboticsAi2TI_goethuys_antoine/build/path_pkg/build install --record /home/ubuntu/ros2_ws/src/2023_RoboticsAi2TI_goethuys_antoine/build/path_pkg/install.log --single-version-externally-managed
