[3.324s] Invoking command in '/home/ubuntu/ros2_ws/src/2023_RoboticsAi2TI_goethuys_antoine/lidar_pkg': PYTHONPATH=/home/ubuntu/ros2_ws/src/2023_RoboticsAi2TI_goethuys_antoine/build/lidar_pkg/prefix_override:/home/ubuntu/ros2_ws/src/2023_RoboticsAi2TI_goethuys_antoine/install/lidar_pkg/lib/python3.10/site-packages:${PYTHONPATH} /usr/bin/python3 setup.py egg_info --egg-base ../build/lidar_pkg build --build-base /home/ubuntu/ros2_ws/src/2023_RoboticsAi2TI_goethuys_antoine/build/lidar_pkg/build install --record /home/ubuntu/ros2_ws/src/2023_RoboticsAi2TI_goethuys_antoine/build/lidar_pkg/install.log --single-version-externally-managed
[3.587s] running egg_info
[3.588s] creating ../build/lidar_pkg/lidar_pkg.egg-info
[3.589s] writing ../build/lidar_pkg/lidar_pkg.egg-info/PKG-INFO
[3.589s] writing dependency_links to ../build/lidar_pkg/lidar_pkg.egg-info/dependency_links.txt
[3.589s] writing entry points to ../build/lidar_pkg/lidar_pkg.egg-info/entry_points.txt
[3.589s] writing requirements to ../build/lidar_pkg/lidar_pkg.egg-info/requires.txt
[3.589s] writing top-level names to ../build/lidar_pkg/lidar_pkg.egg-info/top_level.txt
[3.590s] writing manifest file '../build/lidar_pkg/lidar_pkg.egg-info/SOURCES.txt'
[3.591s] reading manifest file '../build/lidar_pkg/lidar_pkg.egg-info/SOURCES.txt'
[3.592s] writing manifest file '../build/lidar_pkg/lidar_pkg.egg-info/SOURCES.txt'
[3.592s] running build
[3.592s] running build_py
[3.592s] creating /home/ubuntu/ros2_ws/src/2023_RoboticsAi2TI_goethuys_antoine/build/lidar_pkg/build
[3.592s] creating /home/ubuntu/ros2_ws/src/2023_RoboticsAi2TI_goethuys_antoine/build/lidar_pkg/build/lib
[3.593s] creating /home/ubuntu/ros2_ws/src/2023_RoboticsAi2TI_goethuys_antoine/build/lidar_pkg/build/lib/lidar_pkg
[3.593s] copying lidar_pkg/lidar.py -> /home/ubuntu/ros2_ws/src/2023_RoboticsAi2TI_goethuys_antoine/build/lidar_pkg/build/lib/lidar_pkg
[3.593s] copying lidar_pkg/__init__.py -> /home/ubuntu/ros2_ws/src/2023_RoboticsAi2TI_goethuys_antoine/build/lidar_pkg/build/lib/lidar_pkg
[3.593s] running install
[3.593s] running install_lib
[3.594s] creating /home/ubuntu/ros2_ws/src/2023_RoboticsAi2TI_goethuys_antoine/install/lidar_pkg/lib/python3.10/site-packages/lidar_pkg
[3.594s] copying /home/ubuntu/ros2_ws/src/2023_RoboticsAi2TI_goethuys_antoine/build/lidar_pkg/build/lib/lidar_pkg/lidar.py -> /home/ubuntu/ros2_ws/src/2023_RoboticsAi2TI_goethuys_antoine/install/lidar_pkg/lib/python3.10/site-packages/lidar_pkg
[3.594s] copying /home/ubuntu/ros2_ws/src/2023_RoboticsAi2TI_goethuys_antoine/build/lidar_pkg/build/lib/lidar_pkg/__init__.py -> /home/ubuntu/ros2_ws/src/2023_RoboticsAi2TI_goethuys_antoine/install/lidar_pkg/lib/python3.10/site-packages/lidar_pkg
[3.595s] byte-compiling /home/ubuntu/ros2_ws/src/2023_RoboticsAi2TI_goethuys_antoine/install/lidar_pkg/lib/python3.10/site-packages/lidar_pkg/lidar.py to lidar.cpython-310.pyc
[3.596s] byte-compiling /home/ubuntu/ros2_ws/src/2023_RoboticsAi2TI_goethuys_antoine/install/lidar_pkg/lib/python3.10/site-packages/lidar_pkg/__init__.py to __init__.cpython-310.pyc
[3.597s] running install_data
[3.598s] creating /home/ubuntu/ros2_ws/src/2023_RoboticsAi2TI_goethuys_antoine/install/lidar_pkg/share/ament_index
[3.598s] creating /home/ubuntu/ros2_ws/src/2023_RoboticsAi2TI_goethuys_antoine/install/lidar_pkg/share/ament_index/resource_index
[3.598s] creating /home/ubuntu/ros2_ws/src/2023_RoboticsAi2TI_goethuys_antoine/install/lidar_pkg/share/ament_index/resource_index/packages
[3.598s] copying resource/lidar_pkg -> /home/ubuntu/ros2_ws/src/2023_RoboticsAi2TI_goethuys_antoine/install/lidar_pkg/share/ament_index/resource_index/packages
[3.599s] copying package.xml -> /home/ubuntu/ros2_ws/src/2023_RoboticsAi2TI_goethuys_antoine/install/lidar_pkg/share/lidar_pkg
[3.599s] copying launch/lidar_pkg_launch_file.launch.py -> /home/ubuntu/ros2_ws/src/2023_RoboticsAi2TI_goethuys_antoine/install/lidar_pkg/share/lidar_pkg
[3.599s] running install_egg_info
[3.600s] Copying ../build/lidar_pkg/lidar_pkg.egg-info to /home/ubuntu/ros2_ws/src/2023_RoboticsAi2TI_goethuys_antoine/install/lidar_pkg/lib/python3.10/site-packages/lidar_pkg-0.0.0-py3.10.egg-info
[3.601s] running install_scripts
[3.626s] Installing lidar script to /home/ubuntu/ros2_ws/src/2023_RoboticsAi2TI_goethuys_antoine/install/lidar_pkg/lib/lidar_pkg
[3.626s] writing list of installed files to '/home/ubuntu/ros2_ws/src/2023_RoboticsAi2TI_goethuys_antoine/build/lidar_pkg/install.log'
