[3.039s] Invoking command in '/home/ubuntu/ros2_ws/src/2023_RoboticsAi2TI_goethuys_antoine/patrol_pkg': PYTHONPATH=/home/ubuntu/ros2_ws/src/2023_RoboticsAi2TI_goethuys_antoine/build/patrol_pkg/prefix_override:/home/ubuntu/ros2_ws/src/2023_RoboticsAi2TI_goethuys_antoine/install/patrol_pkg/lib/python3.10/site-packages:${PYTHONPATH} /usr/bin/python3 setup.py egg_info --egg-base ../build/patrol_pkg build --build-base /home/ubuntu/ros2_ws/src/2023_RoboticsAi2TI_goethuys_antoine/build/patrol_pkg/build install --record /home/ubuntu/ros2_ws/src/2023_RoboticsAi2TI_goethuys_antoine/build/patrol_pkg/install.log --single-version-externally-managed
[3.298s] running egg_info
[3.299s] writing ../build/patrol_pkg/patrol_pkg.egg-info/PKG-INFO
[3.299s] writing dependency_links to ../build/patrol_pkg/patrol_pkg.egg-info/dependency_links.txt
[3.299s] writing entry points to ../build/patrol_pkg/patrol_pkg.egg-info/entry_points.txt
[3.299s] writing requirements to ../build/patrol_pkg/patrol_pkg.egg-info/requires.txt
[3.300s] writing top-level names to ../build/patrol_pkg/patrol_pkg.egg-info/top_level.txt
[3.302s] reading manifest file '../build/patrol_pkg/patrol_pkg.egg-info/SOURCES.txt'
[3.303s] writing manifest file '../build/patrol_pkg/patrol_pkg.egg-info/SOURCES.txt'
[3.304s] running build
[3.304s] running build_py
[3.304s] running install
[3.304s] running install_lib
[3.305s] running install_data
[3.306s] running install_egg_info
[3.308s] removing '/home/ubuntu/ros2_ws/src/2023_RoboticsAi2TI_goethuys_antoine/install/patrol_pkg/lib/python3.10/site-packages/patrol_pkg-0.0.0-py3.10.egg-info' (and everything under it)
[3.309s] Copying ../build/patrol_pkg/patrol_pkg.egg-info to /home/ubuntu/ros2_ws/src/2023_RoboticsAi2TI_goethuys_antoine/install/patrol_pkg/lib/python3.10/site-packages/patrol_pkg-0.0.0-py3.10.egg-info
[3.309s] running install_scripts
[3.331s] Installing patrol script to /home/ubuntu/ros2_ws/src/2023_RoboticsAi2TI_goethuys_antoine/install/patrol_pkg/lib/patrol_pkg
[3.332s] writing list of installed files to '/home/ubuntu/ros2_ws/src/2023_RoboticsAi2TI_goethuys_antoine/build/patrol_pkg/install.log'
[3.496s] Invoked command in '/home/ubuntu/ros2_ws/src/2023_RoboticsAi2TI_goethuys_antoine/patrol_pkg' returned '0': PYTHONPATH=/home/ubuntu/ros2_ws/src/2023_RoboticsAi2TI_goethuys_antoine/build/patrol_pkg/prefix_override:/home/ubuntu/ros2_ws/src/2023_RoboticsAi2TI_goethuys_antoine/install/patrol_pkg/lib/python3.10/site-packages:${PYTHONPATH} /usr/bin/python3 setup.py egg_info --egg-base ../build/patrol_pkg build --build-base /home/ubuntu/ros2_ws/src/2023_RoboticsAi2TI_goethuys_antoine/build/patrol_pkg/build install --record /home/ubuntu/ros2_ws/src/2023_RoboticsAi2TI_goethuys_antoine/build/patrol_pkg/install.log --single-version-externally-managed
