[3.167s] Invoking command in '/home/ubuntu/ros2_ws/src/2023_RoboticsAi2TI_goethuys_antoine/patrol_pkg': PYTHONPATH=/home/ubuntu/ros2_ws/src/2023_RoboticsAi2TI_goethuys_antoine/build/patrol_pkg/prefix_override:/home/ubuntu/ros2_ws/src/2023_RoboticsAi2TI_goethuys_antoine/install/patrol_pkg/lib/python3.10/site-packages:${PYTHONPATH} /usr/bin/python3 setup.py egg_info --egg-base ../build/patrol_pkg build --build-base /home/ubuntu/ros2_ws/src/2023_RoboticsAi2TI_goethuys_antoine/build/patrol_pkg/build install --record /home/ubuntu/ros2_ws/src/2023_RoboticsAi2TI_goethuys_antoine/build/patrol_pkg/install.log --single-version-externally-managed
[3.451s] running egg_info
[3.452s] creating ../build/patrol_pkg/patrol_pkg.egg-info
[3.452s] writing ../build/patrol_pkg/patrol_pkg.egg-info/PKG-INFO
[3.453s] writing dependency_links to ../build/patrol_pkg/patrol_pkg.egg-info/dependency_links.txt
[3.453s] writing entry points to ../build/patrol_pkg/patrol_pkg.egg-info/entry_points.txt
[3.453s] writing requirements to ../build/patrol_pkg/patrol_pkg.egg-info/requires.txt
[3.453s] writing top-level names to ../build/patrol_pkg/patrol_pkg.egg-info/top_level.txt
[3.454s] writing manifest file '../build/patrol_pkg/patrol_pkg.egg-info/SOURCES.txt'
[3.456s] reading manifest file '../build/patrol_pkg/patrol_pkg.egg-info/SOURCES.txt'
[3.456s] writing manifest file '../build/patrol_pkg/patrol_pkg.egg-info/SOURCES.txt'
[3.457s] running build
[3.457s] running build_py
[3.457s] creating /home/ubuntu/ros2_ws/src/2023_RoboticsAi2TI_goethuys_antoine/build/patrol_pkg/build
[3.457s] creating /home/ubuntu/ros2_ws/src/2023_RoboticsAi2TI_goethuys_antoine/build/patrol_pkg/build/lib
[3.457s] creating /home/ubuntu/ros2_ws/src/2023_RoboticsAi2TI_goethuys_antoine/build/patrol_pkg/build/lib/patrol_pkg
[3.457s] copying patrol_pkg/patrol.py -> /home/ubuntu/ros2_ws/src/2023_RoboticsAi2TI_goethuys_antoine/build/patrol_pkg/build/lib/patrol_pkg
[3.457s] copying patrol_pkg/__init__.py -> /home/ubuntu/ros2_ws/src/2023_RoboticsAi2TI_goethuys_antoine/build/patrol_pkg/build/lib/patrol_pkg
[3.458s] running install
[3.458s] running install_lib
[3.459s] creating /home/ubuntu/ros2_ws/src/2023_RoboticsAi2TI_goethuys_antoine/install/patrol_pkg/lib/python3.10/site-packages/patrol_pkg
[3.460s] copying /home/ubuntu/ros2_ws/src/2023_RoboticsAi2TI_goethuys_antoine/build/patrol_pkg/build/lib/patrol_pkg/patrol.py -> /home/ubuntu/ros2_ws/src/2023_RoboticsAi2TI_goethuys_antoine/install/patrol_pkg/lib/python3.10/site-packages/patrol_pkg
[3.460s] copying /home/ubuntu/ros2_ws/src/2023_RoboticsAi2TI_goethuys_antoine/build/patrol_pkg/build/lib/patrol_pkg/__init__.py -> /home/ubuntu/ros2_ws/src/2023_RoboticsAi2TI_goethuys_antoine/install/patrol_pkg/lib/python3.10/site-packages/patrol_pkg
[3.461s] byte-compiling /home/ubuntu/ros2_ws/src/2023_RoboticsAi2TI_goethuys_antoine/install/patrol_pkg/lib/python3.10/site-packages/patrol_pkg/patrol.py to patrol.cpython-310.pyc
[3.462s] byte-compiling /home/ubuntu/ros2_ws/src/2023_RoboticsAi2TI_goethuys_antoine/install/patrol_pkg/lib/python3.10/site-packages/patrol_pkg/__init__.py to __init__.cpython-310.pyc
[3.463s] running install_data
[3.464s] creating /home/ubuntu/ros2_ws/src/2023_RoboticsAi2TI_goethuys_antoine/install/patrol_pkg/share/ament_index
[3.464s] creating /home/ubuntu/ros2_ws/src/2023_RoboticsAi2TI_goethuys_antoine/install/patrol_pkg/share/ament_index/resource_index
[3.464s] creating /home/ubuntu/ros2_ws/src/2023_RoboticsAi2TI_goethuys_antoine/install/patrol_pkg/share/ament_index/resource_index/packages
[3.464s] copying resource/patrol_pkg -> /home/ubuntu/ros2_ws/src/2023_RoboticsAi2TI_goethuys_antoine/install/patrol_pkg/share/ament_index/resource_index/packages
[3.464s] copying package.xml -> /home/ubuntu/ros2_ws/src/2023_RoboticsAi2TI_goethuys_antoine/install/patrol_pkg/share/patrol_pkg
[3.464s] copying launch/patrol_pkg_launch_file.launch.py -> /home/ubuntu/ros2_ws/src/2023_RoboticsAi2TI_goethuys_antoine/install/patrol_pkg/share/patrol_pkg
[3.464s] running install_egg_info
[3.466s] Copying ../build/patrol_pkg/patrol_pkg.egg-info to /home/ubuntu/ros2_ws/src/2023_RoboticsAi2TI_goethuys_antoine/install/patrol_pkg/lib/python3.10/site-packages/patrol_pkg-0.0.0-py3.10.egg-info
[3.467s] running install_scripts
[3.491s] Installing patrol script to /home/ubuntu/ros2_ws/src/2023_RoboticsAi2TI_goethuys_antoine/install/patrol_pkg/lib/patrol_pkg
[3.492s] writing list of installed files to '/home/ubuntu/ros2_ws/src/2023_RoboticsAi2TI_goethuys_antoine/build/patrol_pkg/install.log'
