running egg_info
creating ../build/subpub_pkg/subpub_pkg.egg-info
writing ../build/subpub_pkg/subpub_pkg.egg-info/PKG-INFO
writing dependency_links to ../build/subpub_pkg/subpub_pkg.egg-info/dependency_links.txt
writing entry points to ../build/subpub_pkg/subpub_pkg.egg-info/entry_points.txt
writing requirements to ../build/subpub_pkg/subpub_pkg.egg-info/requires.txt
writing top-level names to ../build/subpub_pkg/subpub_pkg.egg-info/top_level.txt
writing manifest file '../build/subpub_pkg/subpub_pkg.egg-info/SOURCES.txt'
reading manifest file '../build/subpub_pkg/subpub_pkg.egg-info/SOURCES.txt'
writing manifest file '../build/subpub_pkg/subpub_pkg.egg-info/SOURCES.txt'
running build
running build_py
creating /home/ubuntu/ros2_ws/src/2023_RoboticsAi2TI_goethuys_antoine/build/subpub_pkg/build
creating /home/ubuntu/ros2_ws/src/2023_RoboticsAi2TI_goethuys_antoine/build/subpub_pkg/build/lib
creating /home/ubuntu/ros2_ws/src/2023_RoboticsAi2TI_goethuys_antoine/build/subpub_pkg/build/lib/subpub_pkg
copying subpub_pkg/subpub.py -> /home/ubuntu/ros2_ws/src/2023_RoboticsAi2TI_goethuys_antoine/build/subpub_pkg/build/lib/subpub_pkg
copying subpub_pkg/__init__.py -> /home/ubuntu/ros2_ws/src/2023_RoboticsAi2TI_goethuys_antoine/build/subpub_pkg/build/lib/subpub_pkg
running install
running install_lib
creating /home/ubuntu/ros2_ws/src/2023_RoboticsAi2TI_goethuys_antoine/install/subpub_pkg/lib/python3.10/site-packages/subpub_pkg
copying /home/ubuntu/ros2_ws/src/2023_RoboticsAi2TI_goethuys_antoine/build/subpub_pkg/build/lib/subpub_pkg/subpub.py -> /home/ubuntu/ros2_ws/src/2023_RoboticsAi2TI_goethuys_antoine/install/subpub_pkg/lib/python3.10/site-packages/subpub_pkg
copying /home/ubuntu/ros2_ws/src/2023_RoboticsAi2TI_goethuys_antoine/build/subpub_pkg/build/lib/subpub_pkg/__init__.py -> /home/ubuntu/ros2_ws/src/2023_RoboticsAi2TI_goethuys_antoine/install/subpub_pkg/lib/python3.10/site-packages/subpub_pkg
byte-compiling /home/ubuntu/ros2_ws/src/2023_RoboticsAi2TI_goethuys_antoine/install/subpub_pkg/lib/python3.10/site-packages/subpub_pkg/subpub.py to subpub.cpython-310.pyc
byte-compiling /home/ubuntu/ros2_ws/src/2023_RoboticsAi2TI_goethuys_antoine/install/subpub_pkg/lib/python3.10/site-packages/subpub_pkg/__init__.py to __init__.cpython-310.pyc
running install_data
creating /home/ubuntu/ros2_ws/src/2023_RoboticsAi2TI_goethuys_antoine/install/subpub_pkg/share/ament_index
creating /home/ubuntu/ros2_ws/src/2023_RoboticsAi2TI_goethuys_antoine/install/subpub_pkg/share/ament_index/resource_index
creating /home/ubuntu/ros2_ws/src/2023_RoboticsAi2TI_goethuys_antoine/install/subpub_pkg/share/ament_index/resource_index/packages
copying resource/subpub_pkg -> /home/ubuntu/ros2_ws/src/2023_RoboticsAi2TI_goethuys_antoine/install/subpub_pkg/share/ament_index/resource_index/packages
copying package.xml -> /home/ubuntu/ros2_ws/src/2023_RoboticsAi2TI_goethuys_antoine/install/subpub_pkg/share/subpub_pkg
copying launch/subpub_pkg_launch_file.launch.py -> /home/ubuntu/ros2_ws/src/2023_RoboticsAi2TI_goethuys_antoine/install/subpub_pkg/share/subpub_pkg
running install_egg_info
Copying ../build/subpub_pkg/subpub_pkg.egg-info to /home/ubuntu/ros2_ws/src/2023_RoboticsAi2TI_goethuys_antoine/install/subpub_pkg/lib/python3.10/site-packages/subpub_pkg-0.0.0-py3.10.egg-info
running install_scripts
Installing subpub script to /home/ubuntu/ros2_ws/src/2023_RoboticsAi2TI_goethuys_antoine/install/subpub_pkg/lib/subpub_pkg
writing list of installed files to '/home/ubuntu/ros2_ws/src/2023_RoboticsAi2TI_goethuys_antoine/build/subpub_pkg/install.log'
