running egg_info
creating ../build/publisher_pkg/publisher_pkg.egg-info
writing ../build/publisher_pkg/publisher_pkg.egg-info/PKG-INFO
writing dependency_links to ../build/publisher_pkg/publisher_pkg.egg-info/dependency_links.txt
writing entry points to ../build/publisher_pkg/publisher_pkg.egg-info/entry_points.txt
writing requirements to ../build/publisher_pkg/publisher_pkg.egg-info/requires.txt
writing top-level names to ../build/publisher_pkg/publisher_pkg.egg-info/top_level.txt
writing manifest file '../build/publisher_pkg/publisher_pkg.egg-info/SOURCES.txt'
reading manifest file '../build/publisher_pkg/publisher_pkg.egg-info/SOURCES.txt'
writing manifest file '../build/publisher_pkg/publisher_pkg.egg-info/SOURCES.txt'
running build
running build_py
creating /home/ubuntu/ros2_ws/src/2023_RoboticsAi2TI_goethuys_antoine/build/publisher_pkg/build
creating /home/ubuntu/ros2_ws/src/2023_RoboticsAi2TI_goethuys_antoine/build/publisher_pkg/build/lib
creating /home/ubuntu/ros2_ws/src/2023_RoboticsAi2TI_goethuys_antoine/build/publisher_pkg/build/lib/publisher_pkg
copying publisher_pkg/simple_publisher.py -> /home/ubuntu/ros2_ws/src/2023_RoboticsAi2TI_goethuys_antoine/build/publisher_pkg/build/lib/publisher_pkg
copying publisher_pkg/__init__.py -> /home/ubuntu/ros2_ws/src/2023_RoboticsAi2TI_goethuys_antoine/build/publisher_pkg/build/lib/publisher_pkg
running install
running install_lib
creating /home/ubuntu/ros2_ws/src/2023_RoboticsAi2TI_goethuys_antoine/install/publisher_pkg/lib/python3.10/site-packages/publisher_pkg
copying /home/ubuntu/ros2_ws/src/2023_RoboticsAi2TI_goethuys_antoine/build/publisher_pkg/build/lib/publisher_pkg/simple_publisher.py -> /home/ubuntu/ros2_ws/src/2023_RoboticsAi2TI_goethuys_antoine/install/publisher_pkg/lib/python3.10/site-packages/publisher_pkg
copying /home/ubuntu/ros2_ws/src/2023_RoboticsAi2TI_goethuys_antoine/build/publisher_pkg/build/lib/publisher_pkg/__init__.py -> /home/ubuntu/ros2_ws/src/2023_RoboticsAi2TI_goethuys_antoine/install/publisher_pkg/lib/python3.10/site-packages/publisher_pkg
byte-compiling /home/ubuntu/ros2_ws/src/2023_RoboticsAi2TI_goethuys_antoine/install/publisher_pkg/lib/python3.10/site-packages/publisher_pkg/simple_publisher.py to simple_publisher.cpython-310.pyc
byte-compiling /home/ubuntu/ros2_ws/src/2023_RoboticsAi2TI_goethuys_antoine/install/publisher_pkg/lib/python3.10/site-packages/publisher_pkg/__init__.py to __init__.cpython-310.pyc
running install_data
creating /home/ubuntu/ros2_ws/src/2023_RoboticsAi2TI_goethuys_antoine/install/publisher_pkg/share/ament_index
creating /home/ubuntu/ros2_ws/src/2023_RoboticsAi2TI_goethuys_antoine/install/publisher_pkg/share/ament_index/resource_index
creating /home/ubuntu/ros2_ws/src/2023_RoboticsAi2TI_goethuys_antoine/install/publisher_pkg/share/ament_index/resource_index/packages
copying resource/publisher_pkg -> /home/ubuntu/ros2_ws/src/2023_RoboticsAi2TI_goethuys_antoine/install/publisher_pkg/share/ament_index/resource_index/packages
copying package.xml -> /home/ubuntu/ros2_ws/src/2023_RoboticsAi2TI_goethuys_antoine/install/publisher_pkg/share/publisher_pkg
copying launch/publisher_pkg_launch_file.launch.py -> /home/ubuntu/ros2_ws/src/2023_RoboticsAi2TI_goethuys_antoine/install/publisher_pkg/share/publisher_pkg
running install_egg_info
Copying ../build/publisher_pkg/publisher_pkg.egg-info to /home/ubuntu/ros2_ws/src/2023_RoboticsAi2TI_goethuys_antoine/install/publisher_pkg/lib/python3.10/site-packages/publisher_pkg-0.0.0-py3.10.egg-info
running install_scripts
Installing simple_publisher script to /home/ubuntu/ros2_ws/src/2023_RoboticsAi2TI_goethuys_antoine/install/publisher_pkg/lib/publisher_pkg
writing list of installed files to '/home/ubuntu/ros2_ws/src/2023_RoboticsAi2TI_goethuys_antoine/build/publisher_pkg/install.log'
