[0.737s] Invoking command in '/home/ubuntu/ros2_ws/src/2023_RoboticsAi2TI_goethuys_antoine/publisher_pkg': PYTHONPATH=/home/ubuntu/ros2_ws/src/2023_RoboticsAi2TI_goethuys_antoine/build/publisher_pkg/prefix_override:/home/ubuntu/ros2_ws/src/2023_RoboticsAi2TI_goethuys_antoine/install/publisher_pkg/lib/python3.10/site-packages:${PYTHONPATH} /usr/bin/python3 setup.py egg_info --egg-base ../build/publisher_pkg build --build-base /home/ubuntu/ros2_ws/src/2023_RoboticsAi2TI_goethuys_antoine/build/publisher_pkg/build install --record /home/ubuntu/ros2_ws/src/2023_RoboticsAi2TI_goethuys_antoine/build/publisher_pkg/install.log --single-version-externally-managed
[0.923s] running egg_info
[0.923s] creating ../build/publisher_pkg/publisher_pkg.egg-info
[0.924s] writing ../build/publisher_pkg/publisher_pkg.egg-info/PKG-INFO
[0.924s] writing dependency_links to ../build/publisher_pkg/publisher_pkg.egg-info/dependency_links.txt
[0.924s] writing entry points to ../build/publisher_pkg/publisher_pkg.egg-info/entry_points.txt
[0.924s] writing requirements to ../build/publisher_pkg/publisher_pkg.egg-info/requires.txt
[0.924s] writing top-level names to ../build/publisher_pkg/publisher_pkg.egg-info/top_level.txt
[0.924s] writing manifest file '../build/publisher_pkg/publisher_pkg.egg-info/SOURCES.txt'
[0.926s] reading manifest file '../build/publisher_pkg/publisher_pkg.egg-info/SOURCES.txt'
[0.926s] writing manifest file '../build/publisher_pkg/publisher_pkg.egg-info/SOURCES.txt'
[0.926s] running build
[0.927s] running build_py
[0.927s] creating /home/ubuntu/ros2_ws/src/2023_RoboticsAi2TI_goethuys_antoine/build/publisher_pkg/build
[0.927s] creating /home/ubuntu/ros2_ws/src/2023_RoboticsAi2TI_goethuys_antoine/build/publisher_pkg/build/lib
[0.927s] creating /home/ubuntu/ros2_ws/src/2023_RoboticsAi2TI_goethuys_antoine/build/publisher_pkg/build/lib/publisher_pkg
[0.927s] copying publisher_pkg/simple_publisher.py -> /home/ubuntu/ros2_ws/src/2023_RoboticsAi2TI_goethuys_antoine/build/publisher_pkg/build/lib/publisher_pkg
[0.927s] copying publisher_pkg/__init__.py -> /home/ubuntu/ros2_ws/src/2023_RoboticsAi2TI_goethuys_antoine/build/publisher_pkg/build/lib/publisher_pkg
[0.927s] running install
[0.927s] running install_lib
[0.928s] creating /home/ubuntu/ros2_ws/src/2023_RoboticsAi2TI_goethuys_antoine/install/publisher_pkg/lib/python3.10/site-packages/publisher_pkg
[0.928s] copying /home/ubuntu/ros2_ws/src/2023_RoboticsAi2TI_goethuys_antoine/build/publisher_pkg/build/lib/publisher_pkg/simple_publisher.py -> /home/ubuntu/ros2_ws/src/2023_RoboticsAi2TI_goethuys_antoine/install/publisher_pkg/lib/python3.10/site-packages/publisher_pkg
[0.928s] copying /home/ubuntu/ros2_ws/src/2023_RoboticsAi2TI_goethuys_antoine/build/publisher_pkg/build/lib/publisher_pkg/__init__.py -> /home/ubuntu/ros2_ws/src/2023_RoboticsAi2TI_goethuys_antoine/install/publisher_pkg/lib/python3.10/site-packages/publisher_pkg
[0.928s] byte-compiling /home/ubuntu/ros2_ws/src/2023_RoboticsAi2TI_goethuys_antoine/install/publisher_pkg/lib/python3.10/site-packages/publisher_pkg/simple_publisher.py to simple_publisher.cpython-310.pyc
[0.929s] byte-compiling /home/ubuntu/ros2_ws/src/2023_RoboticsAi2TI_goethuys_antoine/install/publisher_pkg/lib/python3.10/site-packages/publisher_pkg/__init__.py to __init__.cpython-310.pyc
[0.929s] running install_data
[0.929s] creating /home/ubuntu/ros2_ws/src/2023_RoboticsAi2TI_goethuys_antoine/install/publisher_pkg/share/ament_index
[0.929s] creating /home/ubuntu/ros2_ws/src/2023_RoboticsAi2TI_goethuys_antoine/install/publisher_pkg/share/ament_index/resource_index
[0.929s] creating /home/ubuntu/ros2_ws/src/2023_RoboticsAi2TI_goethuys_antoine/install/publisher_pkg/share/ament_index/resource_index/packages
[0.929s] copying resource/publisher_pkg -> /home/ubuntu/ros2_ws/src/2023_RoboticsAi2TI_goethuys_antoine/install/publisher_pkg/share/ament_index/resource_index/packages
[0.930s] copying package.xml -> /home/ubuntu/ros2_ws/src/2023_RoboticsAi2TI_goethuys_antoine/install/publisher_pkg/share/publisher_pkg
[0.930s] copying launch/publisher_pkg_launch_file.launch.py -> /home/ubuntu/ros2_ws/src/2023_RoboticsAi2TI_goethuys_antoine/install/publisher_pkg/share/publisher_pkg
[0.930s] running install_egg_info
[0.931s] Copying ../build/publisher_pkg/publisher_pkg.egg-info to /home/ubuntu/ros2_ws/src/2023_RoboticsAi2TI_goethuys_antoine/install/publisher_pkg/lib/python3.10/site-packages/publisher_pkg-0.0.0-py3.10.egg-info
[0.931s] running install_scripts
[0.947s] Installing simple_publisher script to /home/ubuntu/ros2_ws/src/2023_RoboticsAi2TI_goethuys_antoine/install/publisher_pkg/lib/publisher_pkg
[0.948s] writing list of installed files to '/home/ubuntu/ros2_ws/src/2023_RoboticsAi2TI_goethuys_antoine/build/publisher_pkg/install.log'
[0.979s] Invoked command in '/home/ubuntu/ros2_ws/src/2023_RoboticsAi2TI_goethuys_antoine/publisher_pkg' returned '0': PYTHONPATH=/home/ubuntu/ros2_ws/src/2023_RoboticsAi2TI_goethuys_antoine/build/publisher_pkg/prefix_override:/home/ubuntu/ros2_ws/src/2023_RoboticsAi2TI_goethuys_antoine/install/publisher_pkg/lib/python3.10/site-packages:${PYTHONPATH} /usr/bin/python3 setup.py egg_info --egg-base ../build/publisher_pkg build --build-base /home/ubuntu/ros2_ws/src/2023_RoboticsAi2TI_goethuys_antoine/build/publisher_pkg/build install --record /home/ubuntu/ros2_ws/src/2023_RoboticsAi2TI_goethuys_antoine/build/publisher_pkg/install.log --single-version-externally-managed
