running egg_info
creating ../build/path_pkg/path_pkg.egg-info
writing ../build/path_pkg/path_pkg.egg-info/PKG-INFO
writing dependency_links to ../build/path_pkg/path_pkg.egg-info/dependency_links.txt
writing entry points to ../build/path_pkg/path_pkg.egg-info/entry_points.txt
writing requirements to ../build/path_pkg/path_pkg.egg-info/requires.txt
writing top-level names to ../build/path_pkg/path_pkg.egg-info/top_level.txt
writing manifest file '../build/path_pkg/path_pkg.egg-info/SOURCES.txt'
reading manifest file '../build/path_pkg/path_pkg.egg-info/SOURCES.txt'
writing manifest file '../build/path_pkg/path_pkg.egg-info/SOURCES.txt'
running build
running build_py
creating /home/ubuntu/ros2_ws/src/2023_RoboticsAi2TI_goethuys_antoine/build/path_pkg/build
creating /home/ubuntu/ros2_ws/src/2023_RoboticsAi2TI_goethuys_antoine/build/path_pkg/build/lib
creating /home/ubuntu/ros2_ws/src/2023_RoboticsAi2TI_goethuys_antoine/build/path_pkg/build/lib/path_pkg
copying path_pkg/path.py -> /home/ubuntu/ros2_ws/src/2023_RoboticsAi2TI_goethuys_antoine/build/path_pkg/build/lib/path_pkg
copying path_pkg/__init__.py -> /home/ubuntu/ros2_ws/src/2023_RoboticsAi2TI_goethuys_antoine/build/path_pkg/build/lib/path_pkg
running install
running install_lib
creating /home/ubuntu/ros2_ws/src/2023_RoboticsAi2TI_goethuys_antoine/install/path_pkg/lib/python3.10/site-packages/path_pkg
copying /home/ubuntu/ros2_ws/src/2023_RoboticsAi2TI_goethuys_antoine/build/path_pkg/build/lib/path_pkg/path.py -> /home/ubuntu/ros2_ws/src/2023_RoboticsAi2TI_goethuys_antoine/install/path_pkg/lib/python3.10/site-packages/path_pkg
copying /home/ubuntu/ros2_ws/src/2023_RoboticsAi2TI_goethuys_antoine/build/path_pkg/build/lib/path_pkg/__init__.py -> /home/ubuntu/ros2_ws/src/2023_RoboticsAi2TI_goethuys_antoine/install/path_pkg/lib/python3.10/site-packages/path_pkg
byte-compiling /home/ubuntu/ros2_ws/src/2023_RoboticsAi2TI_goethuys_antoine/install/path_pkg/lib/python3.10/site-packages/path_pkg/path.py to path.cpython-310.pyc
byte-compiling /home/ubuntu/ros2_ws/src/2023_RoboticsAi2TI_goethuys_antoine/install/path_pkg/lib/python3.10/site-packages/path_pkg/__init__.py to __init__.cpython-310.pyc
running install_data
creating /home/ubuntu/ros2_ws/src/2023_RoboticsAi2TI_goethuys_antoine/install/path_pkg/share/ament_index
creating /home/ubuntu/ros2_ws/src/2023_RoboticsAi2TI_goethuys_antoine/install/path_pkg/share/ament_index/resource_index
creating /home/ubuntu/ros2_ws/src/2023_RoboticsAi2TI_goethuys_antoine/install/path_pkg/share/ament_index/resource_index/packages
copying resource/path_pkg -> /home/ubuntu/ros2_ws/src/2023_RoboticsAi2TI_goethuys_antoine/install/path_pkg/share/ament_index/resource_index/packages
copying package.xml -> /home/ubuntu/ros2_ws/src/2023_RoboticsAi2TI_goethuys_antoine/install/path_pkg/share/path_pkg
copying launch/path_pkg_launch_file.launch.py -> /home/ubuntu/ros2_ws/src/2023_RoboticsAi2TI_goethuys_antoine/install/path_pkg/share/path_pkg
running install_egg_info
Copying ../build/path_pkg/path_pkg.egg-info to /home/ubuntu/ros2_ws/src/2023_RoboticsAi2TI_goethuys_antoine/install/path_pkg/lib/python3.10/site-packages/path_pkg-0.0.0-py3.10.egg-info
running install_scripts
Installing path script to /home/ubuntu/ros2_ws/src/2023_RoboticsAi2TI_goethuys_antoine/install/path_pkg/lib/path_pkg
writing list of installed files to '/home/ubuntu/ros2_ws/src/2023_RoboticsAi2TI_goethuys_antoine/build/path_pkg/install.log'
