running egg_info
creating ../build/emergency_stop_pkg/emergency_stop_pkg.egg-info
writing ../build/emergency_stop_pkg/emergency_stop_pkg.egg-info/PKG-INFO
writing dependency_links to ../build/emergency_stop_pkg/emergency_stop_pkg.egg-info/dependency_links.txt
writing entry points to ../build/emergency_stop_pkg/emergency_stop_pkg.egg-info/entry_points.txt
writing requirements to ../build/emergency_stop_pkg/emergency_stop_pkg.egg-info/requires.txt
writing top-level names to ../build/emergency_stop_pkg/emergency_stop_pkg.egg-info/top_level.txt
writing manifest file '../build/emergency_stop_pkg/emergency_stop_pkg.egg-info/SOURCES.txt'
reading manifest file '../build/emergency_stop_pkg/emergency_stop_pkg.egg-info/SOURCES.txt'
writing manifest file '../build/emergency_stop_pkg/emergency_stop_pkg.egg-info/SOURCES.txt'
running build
running build_py
creating /home/ubuntu/ros2_ws/src/2023_RoboticsAi2TI_goethuys_antoine/build/emergency_stop_pkg/build
creating /home/ubuntu/ros2_ws/src/2023_RoboticsAi2TI_goethuys_antoine/build/emergency_stop_pkg/build/lib
creating /home/ubuntu/ros2_ws/src/2023_RoboticsAi2TI_goethuys_antoine/build/emergency_stop_pkg/build/lib/emergency_stop_pkg
copying emergency_stop_pkg/emergency_stop.py -> /home/ubuntu/ros2_ws/src/2023_RoboticsAi2TI_goethuys_antoine/build/emergency_stop_pkg/build/lib/emergency_stop_pkg
copying emergency_stop_pkg/__init__.py -> /home/ubuntu/ros2_ws/src/2023_RoboticsAi2TI_goethuys_antoine/build/emergency_stop_pkg/build/lib/emergency_stop_pkg
running install
running install_lib
creating /home/ubuntu/ros2_ws/src/2023_RoboticsAi2TI_goethuys_antoine/install/emergency_stop_pkg/lib/python3.10/site-packages/emergency_stop_pkg
copying /home/ubuntu/ros2_ws/src/2023_RoboticsAi2TI_goethuys_antoine/build/emergency_stop_pkg/build/lib/emergency_stop_pkg/emergency_stop.py -> /home/ubuntu/ros2_ws/src/2023_RoboticsAi2TI_goethuys_antoine/install/emergency_stop_pkg/lib/python3.10/site-packages/emergency_stop_pkg
copying /home/ubuntu/ros2_ws/src/2023_RoboticsAi2TI_goethuys_antoine/build/emergency_stop_pkg/build/lib/emergency_stop_pkg/__init__.py -> /home/ubuntu/ros2_ws/src/2023_RoboticsAi2TI_goethuys_antoine/install/emergency_stop_pkg/lib/python3.10/site-packages/emergency_stop_pkg
byte-compiling /home/ubuntu/ros2_ws/src/2023_RoboticsAi2TI_goethuys_antoine/install/emergency_stop_pkg/lib/python3.10/site-packages/emergency_stop_pkg/emergency_stop.py to emergency_stop.cpython-310.pyc
byte-compiling /home/ubuntu/ros2_ws/src/2023_RoboticsAi2TI_goethuys_antoine/install/emergency_stop_pkg/lib/python3.10/site-packages/emergency_stop_pkg/__init__.py to __init__.cpython-310.pyc
running install_data
creating /home/ubuntu/ros2_ws/src/2023_RoboticsAi2TI_goethuys_antoine/install/emergency_stop_pkg/share/ament_index
error: can't copy 'resource/emergency_stop_pkg': doesn't exist or not a regular file
creating /home/ubuntu/ros2_ws/src/2023_RoboticsAi2TI_goethuys_antoine/install/emergency_stop_pkg/share/ament_index/resource_index
creating /home/ubuntu/ros2_ws/src/2023_RoboticsAi2TI_goethuys_antoine/install/emergency_stop_pkg/share/ament_index/resource_index/packages
