[0.972s] DEBUG:colcon:Command line arguments: ['/usr/bin/colcon', 'build']
[0.972s] DEBUG:colcon:Parsed command line arguments: Namespace(log_base=None, log_level=None, verb_name='build', build_base='build', install_base='install', merge_install=False, symlink_install=False, test_result_base=None, continue_on_error=False, executor='parallel', parallel_workers=16, event_handlers=None, ignore_user_meta=False, metas=['./colcon.meta'], base_paths=['.'], packages_ignore=None, packages_ignore_regex=None, paths=None, packages_up_to=None, packages_up_to_regex=None, packages_above=None, packages_above_and_dependencies=None, packages_above_depth=None, packages_select_by_dep=None, packages_skip_by_dep=None, packages_skip_up_to=None, packages_select_build_failed=False, packages_skip_build_finished=False, packages_select_test_failures=False, packages_skip_test_passed=False, packages_select=None, packages_skip=None, packages_select_regex=None, packages_skip_regex=None, packages_start=None, packages_end=None, allow_overriding=[], cmake_args=None, cmake_target=None, cmake_target_skip_unavailable=False, cmake_clean_cache=False, cmake_clean_first=False, cmake_force_configure=False, ament_cmake_args=None, catkin_cmake_args=None, catkin_skip_building_tests=False, verb_parser=<colcon_defaults.argument_parser.defaults.DefaultArgumentsDecorator object at 0x7f594781e980>, verb_extension=<colcon_core.verb.build.BuildVerb object at 0x7f59479adbd0>, main=<bound method BuildVerb.main of <colcon_core.verb.build.BuildVerb object at 0x7f59479adbd0>>)
[1.013s] Level 1:colcon.colcon_core.package_discovery:discover_packages(colcon_meta) check parameters
[1.014s] Level 1:colcon.colcon_core.package_discovery:discover_packages(recursive) check parameters
[1.014s] Level 1:colcon.colcon_core.package_discovery:discover_packages(ignore) check parameters
[1.014s] Level 1:colcon.colcon_core.package_discovery:discover_packages(path) check parameters
[1.014s] Level 1:colcon.colcon_core.package_discovery:discover_packages(colcon_meta) discover
[1.014s] Level 1:colcon.colcon_core.package_discovery:discover_packages(recursive) discover
[1.014s] INFO:colcon.colcon_core.package_discovery:Crawling recursively for packages in '/home/ubuntu/ros2_ws/src/2023_RoboticsAi2TI_goethuys_antoine'
[1.014s] Level 1:colcon.colcon_core.package_identification:_identify(.) by extensions ['ignore', 'ignore_ament_install']
[1.014s] Level 1:colcon.colcon_core.package_identification:_identify(.) by extension 'ignore'
[1.014s] Level 1:colcon.colcon_core.package_identification:_identify(.) by extension 'ignore_ament_install'
[1.014s] Level 1:colcon.colcon_core.package_identification:_identify(.) by extensions ['colcon_pkg']
[1.014s] Level 1:colcon.colcon_core.package_identification:_identify(.) by extension 'colcon_pkg'
[1.014s] Level 1:colcon.colcon_core.package_identification:_identify(.) by extensions ['colcon_meta']
[1.014s] Level 1:colcon.colcon_core.package_identification:_identify(.) by extension 'colcon_meta'
[1.014s] Level 1:colcon.colcon_core.package_identification:_identify(.) by extensions ['ros']
[1.014s] Level 1:colcon.colcon_core.package_identification:_identify(.) by extension 'ros'
[1.023s] Level 1:colcon.colcon_core.package_identification:_identify(.) by extensions ['cmake', 'python']
[1.023s] Level 1:colcon.colcon_core.package_identification:_identify(.) by extension 'cmake'
[1.023s] Level 1:colcon.colcon_core.package_identification:_identify(.) by extension 'python'
[1.023s] Level 1:colcon.colcon_core.package_identification:_identify(.) by extensions ['python_setup_py']
[1.023s] Level 1:colcon.colcon_core.package_identification:_identify(.) by extension 'python_setup_py'
[1.024s] Level 1:colcon.colcon_core.package_identification:_identify(build) by extensions ['ignore', 'ignore_ament_install']
[1.024s] Level 1:colcon.colcon_core.package_identification:_identify(build) by extension 'ignore'
[1.024s] Level 1:colcon.colcon_core.package_identification:_identify(build) ignored
[1.024s] Level 1:colcon.colcon_core.package_identification:_identify(emergency_stop_pkg) by extensions ['ignore', 'ignore_ament_install']
[1.024s] Level 1:colcon.colcon_core.package_identification:_identify(emergency_stop_pkg) by extension 'ignore'
[1.024s] Level 1:colcon.colcon_core.package_identification:_identify(emergency_stop_pkg) by extension 'ignore_ament_install'
[1.024s] Level 1:colcon.colcon_core.package_identification:_identify(emergency_stop_pkg) by extensions ['colcon_pkg']
[1.024s] Level 1:colcon.colcon_core.package_identification:_identify(emergency_stop_pkg) by extension 'colcon_pkg'
[1.024s] Level 1:colcon.colcon_core.package_identification:_identify(emergency_stop_pkg) by extensions ['colcon_meta']
[1.024s] Level 1:colcon.colcon_core.package_identification:_identify(emergency_stop_pkg) by extension 'colcon_meta'
[1.024s] Level 1:colcon.colcon_core.package_identification:_identify(emergency_stop_pkg) by extensions ['ros']
[1.024s] Level 1:colcon.colcon_core.package_identification:_identify(emergency_stop_pkg) by extension 'ros'
[1.027s] DEBUG:colcon.colcon_core.package_identification:Package 'emergency_stop_pkg' with type 'ros.ament_python' and name 'emergency_stop_pkg'
[1.027s] Level 1:colcon.colcon_core.package_identification:_identify(install) by extensions ['ignore', 'ignore_ament_install']
[1.027s] Level 1:colcon.colcon_core.package_identification:_identify(install) by extension 'ignore'
[1.027s] Level 1:colcon.colcon_core.package_identification:_identify(install) ignored
[1.027s] Level 1:colcon.colcon_core.package_identification:_identify(lidar_pkg) by extensions ['ignore', 'ignore_ament_install']
[1.027s] Level 1:colcon.colcon_core.package_identification:_identify(lidar_pkg) by extension 'ignore'
[1.027s] Level 1:colcon.colcon_core.package_identification:_identify(lidar_pkg) by extension 'ignore_ament_install'
[1.027s] Level 1:colcon.colcon_core.package_identification:_identify(lidar_pkg) by extensions ['colcon_pkg']
[1.027s] Level 1:colcon.colcon_core.package_identification:_identify(lidar_pkg) by extension 'colcon_pkg'
[1.027s] Level 1:colcon.colcon_core.package_identification:_identify(lidar_pkg) by extensions ['colcon_meta']
[1.027s] Level 1:colcon.colcon_core.package_identification:_identify(lidar_pkg) by extension 'colcon_meta'
[1.027s] Level 1:colcon.colcon_core.package_identification:_identify(lidar_pkg) by extensions ['ros']
[1.027s] Level 1:colcon.colcon_core.package_identification:_identify(lidar_pkg) by extension 'ros'
[1.028s] DEBUG:colcon.colcon_core.package_identification:Package 'lidar_pkg' with type 'ros.ament_python' and name 'lidar_pkg'
[1.028s] Level 1:colcon.colcon_core.package_identification:_identify(log) by extensions ['ignore', 'ignore_ament_install']
[1.028s] Level 1:colcon.colcon_core.package_identification:_identify(log) by extension 'ignore'
[1.028s] Level 1:colcon.colcon_core.package_identification:_identify(log) ignored
[1.028s] Level 1:colcon.colcon_core.package_identification:_identify(path_pkg) by extensions ['ignore', 'ignore_ament_install']
[1.028s] Level 1:colcon.colcon_core.package_identification:_identify(path_pkg) by extension 'ignore'
[1.028s] Level 1:colcon.colcon_core.package_identification:_identify(path_pkg) by extension 'ignore_ament_install'
[1.028s] Level 1:colcon.colcon_core.package_identification:_identify(path_pkg) by extensions ['colcon_pkg']
[1.028s] Level 1:colcon.colcon_core.package_identification:_identify(path_pkg) by extension 'colcon_pkg'
[1.029s] Level 1:colcon.colcon_core.package_identification:_identify(path_pkg) by extensions ['colcon_meta']
[1.029s] Level 1:colcon.colcon_core.package_identification:_identify(path_pkg) by extension 'colcon_meta'
[1.029s] Level 1:colcon.colcon_core.package_identification:_identify(path_pkg) by extensions ['ros']
[1.029s] Level 1:colcon.colcon_core.package_identification:_identify(path_pkg) by extension 'ros'
[1.029s] DEBUG:colcon.colcon_core.package_identification:Package 'path_pkg' with type 'ros.ament_python' and name 'path_pkg'
[1.030s] Level 1:colcon.colcon_core.package_identification:_identify(patrol_pkg) by extensions ['ignore', 'ignore_ament_install']
[1.030s] Level 1:colcon.colcon_core.package_identification:_identify(patrol_pkg) by extension 'ignore'
[1.030s] Level 1:colcon.colcon_core.package_identification:_identify(patrol_pkg) by extension 'ignore_ament_install'
[1.030s] Level 1:colcon.colcon_core.package_identification:_identify(patrol_pkg) by extensions ['colcon_pkg']
[1.030s] Level 1:colcon.colcon_core.package_identification:_identify(patrol_pkg) by extension 'colcon_pkg'
[1.030s] Level 1:colcon.colcon_core.package_identification:_identify(patrol_pkg) by extensions ['colcon_meta']
[1.030s] Level 1:colcon.colcon_core.package_identification:_identify(patrol_pkg) by extension 'colcon_meta'
[1.030s] Level 1:colcon.colcon_core.package_identification:_identify(patrol_pkg) by extensions ['ros']
[1.030s] Level 1:colcon.colcon_core.package_identification:_identify(patrol_pkg) by extension 'ros'
[1.031s] DEBUG:colcon.colcon_core.package_identification:Package 'patrol_pkg' with type 'ros.ament_python' and name 'patrol_pkg'
[1.031s] Level 1:colcon.colcon_core.package_identification:_identify(publisher_pkg) by extensions ['ignore', 'ignore_ament_install']
[1.032s] Level 1:colcon.colcon_core.package_identification:_identify(publisher_pkg) by extension 'ignore'
[1.032s] Level 1:colcon.colcon_core.package_identification:_identify(publisher_pkg) by extension 'ignore_ament_install'
[1.032s] Level 1:colcon.colcon_core.package_identification:_identify(publisher_pkg) by extensions ['colcon_pkg']
[1.032s] Level 1:colcon.colcon_core.package_identification:_identify(publisher_pkg) by extension 'colcon_pkg'
[1.032s] Level 1:colcon.colcon_core.package_identification:_identify(publisher_pkg) by extensions ['colcon_meta']
[1.032s] Level 1:colcon.colcon_core.package_identification:_identify(publisher_pkg) by extension 'colcon_meta'
[1.032s] Level 1:colcon.colcon_core.package_identification:_identify(publisher_pkg) by extensions ['ros']
[1.032s] Level 1:colcon.colcon_core.package_identification:_identify(publisher_pkg) by extension 'ros'
[1.032s] DEBUG:colcon.colcon_core.package_identification:Package 'publisher_pkg' with type 'ros.ament_python' and name 'publisher_pkg'
[1.033s] Level 1:colcon.colcon_core.package_identification:_identify(subpub_pkg) by extensions ['ignore', 'ignore_ament_install']
[1.033s] Level 1:colcon.colcon_core.package_identification:_identify(subpub_pkg) by extension 'ignore'
[1.033s] Level 1:colcon.colcon_core.package_identification:_identify(subpub_pkg) by extension 'ignore_ament_install'
[1.033s] Level 1:colcon.colcon_core.package_identification:_identify(subpub_pkg) by extensions ['colcon_pkg']
[1.033s] Level 1:colcon.colcon_core.package_identification:_identify(subpub_pkg) by extension 'colcon_pkg'
[1.033s] Level 1:colcon.colcon_core.package_identification:_identify(subpub_pkg) by extensions ['colcon_meta']
[1.033s] Level 1:colcon.colcon_core.package_identification:_identify(subpub_pkg) by extension 'colcon_meta'
[1.033s] Level 1:colcon.colcon_core.package_identification:_identify(subpub_pkg) by extensions ['ros']
[1.033s] Level 1:colcon.colcon_core.package_identification:_identify(subpub_pkg) by extension 'ros'
[1.034s] DEBUG:colcon.colcon_core.package_identification:Package 'subpub_pkg' with type 'ros.ament_python' and name 'subpub_pkg'
[1.034s] Level 1:colcon.colcon_core.package_identification:_identify(subscriber_pkg) by extensions ['ignore', 'ignore_ament_install']
[1.034s] Level 1:colcon.colcon_core.package_identification:_identify(subscriber_pkg) by extension 'ignore'
[1.034s] Level 1:colcon.colcon_core.package_identification:_identify(subscriber_pkg) by extension 'ignore_ament_install'
[1.034s] Level 1:colcon.colcon_core.package_identification:_identify(subscriber_pkg) by extensions ['colcon_pkg']
[1.034s] Level 1:colcon.colcon_core.package_identification:_identify(subscriber_pkg) by extension 'colcon_pkg'
[1.034s] Level 1:colcon.colcon_core.package_identification:_identify(subscriber_pkg) by extensions ['colcon_meta']
[1.034s] Level 1:colcon.colcon_core.package_identification:_identify(subscriber_pkg) by extension 'colcon_meta'
[1.034s] Level 1:colcon.colcon_core.package_identification:_identify(subscriber_pkg) by extensions ['ros']
[1.034s] Level 1:colcon.colcon_core.package_identification:_identify(subscriber_pkg) by extension 'ros'
[1.035s] DEBUG:colcon.colcon_core.package_identification:Package 'subscriber_pkg' with type 'ros.ament_python' and name 'subscriber_pkg'
[1.035s] Level 1:colcon.colcon_core.package_discovery:discover_packages(recursive) using defaults
[1.035s] Level 1:colcon.colcon_core.package_discovery:discover_packages(ignore) discover
[1.035s] Level 1:colcon.colcon_core.package_discovery:discover_packages(ignore) using defaults
[1.035s] Level 1:colcon.colcon_core.package_discovery:discover_packages(path) discover
[1.035s] Level 1:colcon.colcon_core.package_discovery:discover_packages(path) using defaults
[1.115s] Level 1:colcon.colcon_core.package_discovery:discover_packages(prefix_path) check parameters
[1.115s] Level 1:colcon.colcon_core.package_discovery:discover_packages(prefix_path) discover
[1.142s] DEBUG:colcon.colcon_installed_package_information.package_discovery:Found 6 installed packages in /home/ubuntu/ros2_ws/install
[1.170s] DEBUG:colcon.colcon_installed_package_information.package_discovery:Found 15 installed packages in /home/ubuntu/turtlebot3_ws/install
[1.184s] DEBUG:colcon.colcon_installed_package_information.package_discovery:Found 371 installed packages in /opt/ros/humble
[1.186s] Level 1:colcon.colcon_core.package_discovery:discover_packages(prefix_path) using defaults
[1.272s] Level 5:colcon.colcon_core.verb:set package 'emergency_stop_pkg' build argument 'cmake_args' from command line to 'None'
[1.272s] Level 5:colcon.colcon_core.verb:set package 'emergency_stop_pkg' build argument 'cmake_target' from command line to 'None'
[1.272s] Level 5:colcon.colcon_core.verb:set package 'emergency_stop_pkg' build argument 'cmake_target_skip_unavailable' from command line to 'False'
[1.272s] Level 5:colcon.colcon_core.verb:set package 'emergency_stop_pkg' build argument 'cmake_clean_cache' from command line to 'False'
[1.272s] Level 5:colcon.colcon_core.verb:set package 'emergency_stop_pkg' build argument 'cmake_clean_first' from command line to 'False'
[1.272s] Level 5:colcon.colcon_core.verb:set package 'emergency_stop_pkg' build argument 'cmake_force_configure' from command line to 'False'
[1.272s] Level 5:colcon.colcon_core.verb:set package 'emergency_stop_pkg' build argument 'ament_cmake_args' from command line to 'None'
[1.272s] Level 5:colcon.colcon_core.verb:set package 'emergency_stop_pkg' build argument 'catkin_cmake_args' from command line to 'None'
[1.272s] Level 5:colcon.colcon_core.verb:set package 'emergency_stop_pkg' build argument 'catkin_skip_building_tests' from command line to 'False'
[1.272s] DEBUG:colcon.colcon_core.verb:Building package 'emergency_stop_pkg' with the following arguments: {'ament_cmake_args': None, 'build_base': '/home/ubuntu/ros2_ws/src/2023_RoboticsAi2TI_goethuys_antoine/build/emergency_stop_pkg', 'catkin_cmake_args': None, 'catkin_skip_building_tests': False, 'cmake_args': None, 'cmake_clean_cache': False, 'cmake_clean_first': False, 'cmake_force_configure': False, 'cmake_target': None, 'cmake_target_skip_unavailable': False, 'install_base': '/home/ubuntu/ros2_ws/src/2023_RoboticsAi2TI_goethuys_antoine/install/emergency_stop_pkg', 'merge_install': False, 'path': '/home/ubuntu/ros2_ws/src/2023_RoboticsAi2TI_goethuys_antoine/emergency_stop_pkg', 'symlink_install': False, 'test_result_base': None}
[1.284s] Level 5:colcon.colcon_core.verb:set package 'lidar_pkg' build argument 'cmake_args' from command line to 'None'
[1.284s] Level 5:colcon.colcon_core.verb:set package 'lidar_pkg' build argument 'cmake_target' from command line to 'None'
[1.284s] Level 5:colcon.colcon_core.verb:set package 'lidar_pkg' build argument 'cmake_target_skip_unavailable' from command line to 'False'
[1.284s] Level 5:colcon.colcon_core.verb:set package 'lidar_pkg' build argument 'cmake_clean_cache' from command line to 'False'
[1.284s] Level 5:colcon.colcon_core.verb:set package 'lidar_pkg' build argument 'cmake_clean_first' from command line to 'False'
[1.284s] Level 5:colcon.colcon_core.verb:set package 'lidar_pkg' build argument 'cmake_force_configure' from command line to 'False'
[1.284s] Level 5:colcon.colcon_core.verb:set package 'lidar_pkg' build argument 'ament_cmake_args' from command line to 'None'
[1.284s] Level 5:colcon.colcon_core.verb:set package 'lidar_pkg' build argument 'catkin_cmake_args' from command line to 'None'
[1.284s] Level 5:colcon.colcon_core.verb:set package 'lidar_pkg' build argument 'catkin_skip_building_tests' from command line to 'False'
[1.284s] DEBUG:colcon.colcon_core.verb:Building package 'lidar_pkg' with the following arguments: {'ament_cmake_args': None, 'build_base': '/home/ubuntu/ros2_ws/src/2023_RoboticsAi2TI_goethuys_antoine/build/lidar_pkg', 'catkin_cmake_args': None, 'catkin_skip_building_tests': False, 'cmake_args': None, 'cmake_clean_cache': False, 'cmake_clean_first': False, 'cmake_force_configure': False, 'cmake_target': None, 'cmake_target_skip_unavailable': False, 'install_base': '/home/ubuntu/ros2_ws/src/2023_RoboticsAi2TI_goethuys_antoine/install/lidar_pkg', 'merge_install': False, 'path': '/home/ubuntu/ros2_ws/src/2023_RoboticsAi2TI_goethuys_antoine/lidar_pkg', 'symlink_install': False, 'test_result_base': None}
[1.296s] Level 5:colcon.colcon_core.verb:set package 'path_pkg' build argument 'cmake_args' from command line to 'None'
[1.297s] Level 5:colcon.colcon_core.verb:set package 'path_pkg' build argument 'cmake_target' from command line to 'None'
[1.297s] Level 5:colcon.colcon_core.verb:set package 'path_pkg' build argument 'cmake_target_skip_unavailable' from command line to 'False'
[1.297s] Level 5:colcon.colcon_core.verb:set package 'path_pkg' build argument 'cmake_clean_cache' from command line to 'False'
[1.297s] Level 5:colcon.colcon_core.verb:set package 'path_pkg' build argument 'cmake_clean_first' from command line to 'False'
[1.297s] Level 5:colcon.colcon_core.verb:set package 'path_pkg' build argument 'cmake_force_configure' from command line to 'False'
[1.297s] Level 5:colcon.colcon_core.verb:set package 'path_pkg' build argument 'ament_cmake_args' from command line to 'None'
[1.297s] Level 5:colcon.colcon_core.verb:set package 'path_pkg' build argument 'catkin_cmake_args' from command line to 'None'
[1.297s] Level 5:colcon.colcon_core.verb:set package 'path_pkg' build argument 'catkin_skip_building_tests' from command line to 'False'
[1.297s] DEBUG:colcon.colcon_core.verb:Building package 'path_pkg' with the following arguments: {'ament_cmake_args': None, 'build_base': '/home/ubuntu/ros2_ws/src/2023_RoboticsAi2TI_goethuys_antoine/build/path_pkg', 'catkin_cmake_args': None, 'catkin_skip_building_tests': False, 'cmake_args': None, 'cmake_clean_cache': False, 'cmake_clean_first': False, 'cmake_force_configure': False, 'cmake_target': None, 'cmake_target_skip_unavailable': False, 'install_base': '/home/ubuntu/ros2_ws/src/2023_RoboticsAi2TI_goethuys_antoine/install/path_pkg', 'merge_install': False, 'path': '/home/ubuntu/ros2_ws/src/2023_RoboticsAi2TI_goethuys_antoine/path_pkg', 'symlink_install': False, 'test_result_base': None}
[1.309s] Level 5:colcon.colcon_core.verb:set package 'patrol_pkg' build argument 'cmake_args' from command line to 'None'
[1.309s] Level 5:colcon.colcon_core.verb:set package 'patrol_pkg' build argument 'cmake_target' from command line to 'None'
[1.309s] Level 5:colcon.colcon_core.verb:set package 'patrol_pkg' build argument 'cmake_target_skip_unavailable' from command line to 'False'
[1.309s] Level 5:colcon.colcon_core.verb:set package 'patrol_pkg' build argument 'cmake_clean_cache' from command line to 'False'
[1.309s] Level 5:colcon.colcon_core.verb:set package 'patrol_pkg' build argument 'cmake_clean_first' from command line to 'False'
[1.309s] Level 5:colcon.colcon_core.verb:set package 'patrol_pkg' build argument 'cmake_force_configure' from command line to 'False'
[1.309s] Level 5:colcon.colcon_core.verb:set package 'patrol_pkg' build argument 'ament_cmake_args' from command line to 'None'
[1.309s] Level 5:colcon.colcon_core.verb:set package 'patrol_pkg' build argument 'catkin_cmake_args' from command line to 'None'
[1.309s] Level 5:colcon.colcon_core.verb:set package 'patrol_pkg' build argument 'catkin_skip_building_tests' from command line to 'False'
[1.309s] DEBUG:colcon.colcon_core.verb:Building package 'patrol_pkg' with the following arguments: {'ament_cmake_args': None, 'build_base': '/home/ubuntu/ros2_ws/src/2023_RoboticsAi2TI_goethuys_antoine/build/patrol_pkg', 'catkin_cmake_args': None, 'catkin_skip_building_tests': False, 'cmake_args': None, 'cmake_clean_cache': False, 'cmake_clean_first': False, 'cmake_force_configure': False, 'cmake_target': None, 'cmake_target_skip_unavailable': False, 'install_base': '/home/ubuntu/ros2_ws/src/2023_RoboticsAi2TI_goethuys_antoine/install/patrol_pkg', 'merge_install': False, 'path': '/home/ubuntu/ros2_ws/src/2023_RoboticsAi2TI_goethuys_antoine/patrol_pkg', 'symlink_install': False, 'test_result_base': None}
[1.322s] Level 5:colcon.colcon_core.verb:set package 'publisher_pkg' build argument 'cmake_args' from command line to 'None'
[1.322s] Level 5:colcon.colcon_core.verb:set package 'publisher_pkg' build argument 'cmake_target' from command line to 'None'
[1.322s] Level 5:colcon.colcon_core.verb:set package 'publisher_pkg' build argument 'cmake_target_skip_unavailable' from command line to 'False'
[1.322s] Level 5:colcon.colcon_core.verb:set package 'publisher_pkg' build argument 'cmake_clean_cache' from command line to 'False'
[1.322s] Level 5:colcon.colcon_core.verb:set package 'publisher_pkg' build argument 'cmake_clean_first' from command line to 'False'
[1.322s] Level 5:colcon.colcon_core.verb:set package 'publisher_pkg' build argument 'cmake_force_configure' from command line to 'False'
[1.322s] Level 5:colcon.colcon_core.verb:set package 'publisher_pkg' build argument 'ament_cmake_args' from command line to 'None'
[1.322s] Level 5:colcon.colcon_core.verb:set package 'publisher_pkg' build argument 'catkin_cmake_args' from command line to 'None'
[1.322s] Level 5:colcon.colcon_core.verb:set package 'publisher_pkg' build argument 'catkin_skip_building_tests' from command line to 'False'
[1.322s] DEBUG:colcon.colcon_core.verb:Building package 'publisher_pkg' with the following arguments: {'ament_cmake_args': None, 'build_base': '/home/ubuntu/ros2_ws/src/2023_RoboticsAi2TI_goethuys_antoine/build/publisher_pkg', 'catkin_cmake_args': None, 'catkin_skip_building_tests': False, 'cmake_args': None, 'cmake_clean_cache': False, 'cmake_clean_first': False, 'cmake_force_configure': False, 'cmake_target': None, 'cmake_target_skip_unavailable': False, 'install_base': '/home/ubuntu/ros2_ws/src/2023_RoboticsAi2TI_goethuys_antoine/install/publisher_pkg', 'merge_install': False, 'path': '/home/ubuntu/ros2_ws/src/2023_RoboticsAi2TI_goethuys_antoine/publisher_pkg', 'symlink_install': False, 'test_result_base': None}
[1.335s] Level 5:colcon.colcon_core.verb:set package 'subpub_pkg' build argument 'cmake_args' from command line to 'None'
[1.335s] Level 5:colcon.colcon_core.verb:set package 'subpub_pkg' build argument 'cmake_target' from command line to 'None'
[1.335s] Level 5:colcon.colcon_core.verb:set package 'subpub_pkg' build argument 'cmake_target_skip_unavailable' from command line to 'False'
[1.335s] Level 5:colcon.colcon_core.verb:set package 'subpub_pkg' build argument 'cmake_clean_cache' from command line to 'False'
[1.335s] Level 5:colcon.colcon_core.verb:set package 'subpub_pkg' build argument 'cmake_clean_first' from command line to 'False'
[1.335s] Level 5:colcon.colcon_core.verb:set package 'subpub_pkg' build argument 'cmake_force_configure' from command line to 'False'
[1.335s] Level 5:colcon.colcon_core.verb:set package 'subpub_pkg' build argument 'ament_cmake_args' from command line to 'None'
[1.335s] Level 5:colcon.colcon_core.verb:set package 'subpub_pkg' build argument 'catkin_cmake_args' from command line to 'None'
[1.335s] Level 5:colcon.colcon_core.verb:set package 'subpub_pkg' build argument 'catkin_skip_building_tests' from command line to 'False'
[1.335s] DEBUG:colcon.colcon_core.verb:Building package 'subpub_pkg' with the following arguments: {'ament_cmake_args': None, 'build_base': '/home/ubuntu/ros2_ws/src/2023_RoboticsAi2TI_goethuys_antoine/build/subpub_pkg', 'catkin_cmake_args': None, 'catkin_skip_building_tests': False, 'cmake_args': None, 'cmake_clean_cache': False, 'cmake_clean_first': False, 'cmake_force_configure': False, 'cmake_target': None, 'cmake_target_skip_unavailable': False, 'install_base': '/home/ubuntu/ros2_ws/src/2023_RoboticsAi2TI_goethuys_antoine/install/subpub_pkg', 'merge_install': False, 'path': '/home/ubuntu/ros2_ws/src/2023_RoboticsAi2TI_goethuys_antoine/subpub_pkg', 'symlink_install': False, 'test_result_base': None}
[1.348s] Level 5:colcon.colcon_core.verb:set package 'subscriber_pkg' build argument 'cmake_args' from command line to 'None'
[1.348s] Level 5:colcon.colcon_core.verb:set package 'subscriber_pkg' build argument 'cmake_target' from command line to 'None'
[1.348s] Level 5:colcon.colcon_core.verb:set package 'subscriber_pkg' build argument 'cmake_target_skip_unavailable' from command line to 'False'
[1.348s] Level 5:colcon.colcon_core.verb:set package 'subscriber_pkg' build argument 'cmake_clean_cache' from command line to 'False'
[1.348s] Level 5:colcon.colcon_core.verb:set package 'subscriber_pkg' build argument 'cmake_clean_first' from command line to 'False'
[1.348s] Level 5:colcon.colcon_core.verb:set package 'subscriber_pkg' build argument 'cmake_force_configure' from command line to 'False'
[1.348s] Level 5:colcon.colcon_core.verb:set package 'subscriber_pkg' build argument 'ament_cmake_args' from command line to 'None'
[1.348s] Level 5:colcon.colcon_core.verb:set package 'subscriber_pkg' build argument 'catkin_cmake_args' from command line to 'None'
[1.348s] Level 5:colcon.colcon_core.verb:set package 'subscriber_pkg' build argument 'catkin_skip_building_tests' from command line to 'False'
[1.348s] DEBUG:colcon.colcon_core.verb:Building package 'subscriber_pkg' with the following arguments: {'ament_cmake_args': None, 'build_base': '/home/ubuntu/ros2_ws/src/2023_RoboticsAi2TI_goethuys_antoine/build/subscriber_pkg', 'catkin_cmake_args': None, 'catkin_skip_building_tests': False, 'cmake_args': None, 'cmake_clean_cache': False, 'cmake_clean_first': False, 'cmake_force_configure': False, 'cmake_target': None, 'cmake_target_skip_unavailable': False, 'install_base': '/home/ubuntu/ros2_ws/src/2023_RoboticsAi2TI_goethuys_antoine/install/subscriber_pkg', 'merge_install': False, 'path': '/home/ubuntu/ros2_ws/src/2023_RoboticsAi2TI_goethuys_antoine/subscriber_pkg', 'symlink_install': False, 'test_result_base': None}
[1.360s] INFO:colcon.colcon_core.executor:Executing jobs using 'parallel' executor
[1.373s] DEBUG:colcon.colcon_parallel_executor.executor.parallel:run_until_complete
[1.374s] INFO:colcon.colcon_ros.task.ament_python.build:Building ROS package in '/home/ubuntu/ros2_ws/src/2023_RoboticsAi2TI_goethuys_antoine/emergency_stop_pkg' with build type 'ament_python'
[1.374s] Level 1:colcon.colcon_core.shell:create_environment_hook('emergency_stop_pkg', 'ament_prefix_path')
[1.388s] INFO:colcon.colcon_core.plugin_system:Skipping extension 'colcon_core.shell.bat': Not used on non-Windows systems
[1.388s] INFO:colcon.colcon_core.shell:Creating environment hook '/home/ubuntu/ros2_ws/src/2023_RoboticsAi2TI_goethuys_antoine/install/emergency_stop_pkg/share/emergency_stop_pkg/hook/ament_prefix_path.ps1'
[1.388s] INFO:colcon.colcon_core.shell:Creating environment descriptor '/home/ubuntu/ros2_ws/src/2023_RoboticsAi2TI_goethuys_antoine/install/emergency_stop_pkg/share/emergency_stop_pkg/hook/ament_prefix_path.dsv'
[1.389s] INFO:colcon.colcon_core.shell:Creating environment hook '/home/ubuntu/ros2_ws/src/2023_RoboticsAi2TI_goethuys_antoine/install/emergency_stop_pkg/share/emergency_stop_pkg/hook/ament_prefix_path.sh'
[1.401s] INFO:colcon.colcon_core.shell:Skip shell extension 'powershell' for command environment: Not usable outside of PowerShell
[1.401s] DEBUG:colcon.colcon_core.shell:Skip shell extension 'dsv' for command environment
[1.453s] INFO:colcon.colcon_ros.task.ament_python.build:Building ROS package in '/home/ubuntu/ros2_ws/src/2023_RoboticsAi2TI_goethuys_antoine/lidar_pkg' with build type 'ament_python'
[1.454s] Level 1:colcon.colcon_core.shell:create_environment_hook('lidar_pkg', 'ament_prefix_path')
[1.466s] INFO:colcon.colcon_core.shell:Creating environment hook '/home/ubuntu/ros2_ws/src/2023_RoboticsAi2TI_goethuys_antoine/install/lidar_pkg/share/lidar_pkg/hook/ament_prefix_path.ps1'
[1.467s] INFO:colcon.colcon_core.shell:Creating environment descriptor '/home/ubuntu/ros2_ws/src/2023_RoboticsAi2TI_goethuys_antoine/install/lidar_pkg/share/lidar_pkg/hook/ament_prefix_path.dsv'
[1.467s] INFO:colcon.colcon_core.shell:Creating environment hook '/home/ubuntu/ros2_ws/src/2023_RoboticsAi2TI_goethuys_antoine/install/lidar_pkg/share/lidar_pkg/hook/ament_prefix_path.sh'
[1.481s] INFO:colcon.colcon_core.shell:Skip shell extension 'powershell' for command environment: Not usable outside of PowerShell
[1.482s] DEBUG:colcon.colcon_core.shell:Skip shell extension 'dsv' for command environment
[1.538s] INFO:colcon.colcon_ros.task.ament_python.build:Building ROS package in '/home/ubuntu/ros2_ws/src/2023_RoboticsAi2TI_goethuys_antoine/path_pkg' with build type 'ament_python'
[1.538s] Level 1:colcon.colcon_core.shell:create_environment_hook('path_pkg', 'ament_prefix_path')
[1.551s] INFO:colcon.colcon_core.shell:Creating environment hook '/home/ubuntu/ros2_ws/src/2023_RoboticsAi2TI_goethuys_antoine/install/path_pkg/share/path_pkg/hook/ament_prefix_path.ps1'
[1.552s] INFO:colcon.colcon_core.shell:Creating environment descriptor '/home/ubuntu/ros2_ws/src/2023_RoboticsAi2TI_goethuys_antoine/install/path_pkg/share/path_pkg/hook/ament_prefix_path.dsv'
[1.552s] INFO:colcon.colcon_core.shell:Creating environment hook '/home/ubuntu/ros2_ws/src/2023_RoboticsAi2TI_goethuys_antoine/install/path_pkg/share/path_pkg/hook/ament_prefix_path.sh'
[1.567s] INFO:colcon.colcon_core.shell:Skip shell extension 'powershell' for command environment: Not usable outside of PowerShell
[1.567s] DEBUG:colcon.colcon_core.shell:Skip shell extension 'dsv' for command environment
[1.622s] INFO:colcon.colcon_ros.task.ament_python.build:Building ROS package in '/home/ubuntu/ros2_ws/src/2023_RoboticsAi2TI_goethuys_antoine/patrol_pkg' with build type 'ament_python'
[1.622s] Level 1:colcon.colcon_core.shell:create_environment_hook('patrol_pkg', 'ament_prefix_path')
[1.637s] INFO:colcon.colcon_core.shell:Creating environment hook '/home/ubuntu/ros2_ws/src/2023_RoboticsAi2TI_goethuys_antoine/install/patrol_pkg/share/patrol_pkg/hook/ament_prefix_path.ps1'
[1.637s] INFO:colcon.colcon_core.shell:Creating environment descriptor '/home/ubuntu/ros2_ws/src/2023_RoboticsAi2TI_goethuys_antoine/install/patrol_pkg/share/patrol_pkg/hook/ament_prefix_path.dsv'
[1.637s] INFO:colcon.colcon_core.shell:Creating environment hook '/home/ubuntu/ros2_ws/src/2023_RoboticsAi2TI_goethuys_antoine/install/patrol_pkg/share/patrol_pkg/hook/ament_prefix_path.sh'
[1.651s] INFO:colcon.colcon_core.shell:Skip shell extension 'powershell' for command environment: Not usable outside of PowerShell
[1.651s] DEBUG:colcon.colcon_core.shell:Skip shell extension 'dsv' for command environment
[1.706s] INFO:colcon.colcon_ros.task.ament_python.build:Building ROS package in '/home/ubuntu/ros2_ws/src/2023_RoboticsAi2TI_goethuys_antoine/publisher_pkg' with build type 'ament_python'
[1.706s] Level 1:colcon.colcon_core.shell:create_environment_hook('publisher_pkg', 'ament_prefix_path')
[1.719s] INFO:colcon.colcon_core.shell:Creating environment hook '/home/ubuntu/ros2_ws/src/2023_RoboticsAi2TI_goethuys_antoine/install/publisher_pkg/share/publisher_pkg/hook/ament_prefix_path.ps1'
[1.719s] INFO:colcon.colcon_core.shell:Creating environment descriptor '/home/ubuntu/ros2_ws/src/2023_RoboticsAi2TI_goethuys_antoine/install/publisher_pkg/share/publisher_pkg/hook/ament_prefix_path.dsv'
[1.720s] INFO:colcon.colcon_core.shell:Creating environment hook '/home/ubuntu/ros2_ws/src/2023_RoboticsAi2TI_goethuys_antoine/install/publisher_pkg/share/publisher_pkg/hook/ament_prefix_path.sh'
[1.732s] INFO:colcon.colcon_core.shell:Skip shell extension 'powershell' for command environment: Not usable outside of PowerShell
[1.732s] DEBUG:colcon.colcon_core.shell:Skip shell extension 'dsv' for command environment
[1.784s] INFO:colcon.colcon_ros.task.ament_python.build:Building ROS package in '/home/ubuntu/ros2_ws/src/2023_RoboticsAi2TI_goethuys_antoine/subpub_pkg' with build type 'ament_python'
[1.785s] Level 1:colcon.colcon_core.shell:create_environment_hook('subpub_pkg', 'ament_prefix_path')
[1.797s] INFO:colcon.colcon_core.shell:Creating environment hook '/home/ubuntu/ros2_ws/src/2023_RoboticsAi2TI_goethuys_antoine/install/subpub_pkg/share/subpub_pkg/hook/ament_prefix_path.ps1'
[1.798s] INFO:colcon.colcon_core.shell:Creating environment descriptor '/home/ubuntu/ros2_ws/src/2023_RoboticsAi2TI_goethuys_antoine/install/subpub_pkg/share/subpub_pkg/hook/ament_prefix_path.dsv'
[1.798s] INFO:colcon.colcon_core.shell:Creating environment hook '/home/ubuntu/ros2_ws/src/2023_RoboticsAi2TI_goethuys_antoine/install/subpub_pkg/share/subpub_pkg/hook/ament_prefix_path.sh'
[1.811s] INFO:colcon.colcon_core.shell:Skip shell extension 'powershell' for command environment: Not usable outside of PowerShell
[1.811s] DEBUG:colcon.colcon_core.shell:Skip shell extension 'dsv' for command environment
[1.865s] INFO:colcon.colcon_ros.task.ament_python.build:Building ROS package in '/home/ubuntu/ros2_ws/src/2023_RoboticsAi2TI_goethuys_antoine/subscriber_pkg' with build type 'ament_python'
[1.865s] Level 1:colcon.colcon_core.shell:create_environment_hook('subscriber_pkg', 'ament_prefix_path')
[1.879s] INFO:colcon.colcon_core.shell:Creating environment hook '/home/ubuntu/ros2_ws/src/2023_RoboticsAi2TI_goethuys_antoine/install/subscriber_pkg/share/subscriber_pkg/hook/ament_prefix_path.ps1'
[1.880s] INFO:colcon.colcon_core.shell:Creating environment descriptor '/home/ubuntu/ros2_ws/src/2023_RoboticsAi2TI_goethuys_antoine/install/subscriber_pkg/share/subscriber_pkg/hook/ament_prefix_path.dsv'
[1.880s] INFO:colcon.colcon_core.shell:Creating environment hook '/home/ubuntu/ros2_ws/src/2023_RoboticsAi2TI_goethuys_antoine/install/subscriber_pkg/share/subscriber_pkg/hook/ament_prefix_path.sh'
[1.892s] INFO:colcon.colcon_core.shell:Skip shell extension 'powershell' for command environment: Not usable outside of PowerShell
[1.892s] DEBUG:colcon.colcon_core.shell:Skip shell extension 'dsv' for command environment
[2.215s] INFO:colcon.colcon_core.task.python.build:Building Python package in '/home/ubuntu/ros2_ws/src/2023_RoboticsAi2TI_goethuys_antoine/emergency_stop_pkg'
[2.228s] INFO:colcon.colcon_core.shell:Skip shell extension 'powershell' for command environment: Not usable outside of PowerShell
[2.228s] DEBUG:colcon.colcon_core.shell:Skip shell extension 'dsv' for command environment
[2.542s] INFO:colcon.colcon_core.task.python.build:Building Python package in '/home/ubuntu/ros2_ws/src/2023_RoboticsAi2TI_goethuys_antoine/lidar_pkg'
[2.556s] INFO:colcon.colcon_core.shell:Skip shell extension 'powershell' for command environment: Not usable outside of PowerShell
[2.556s] DEBUG:colcon.colcon_core.shell:Skip shell extension 'dsv' for command environment
[2.877s] INFO:colcon.colcon_core.task.python.build:Building Python package in '/home/ubuntu/ros2_ws/src/2023_RoboticsAi2TI_goethuys_antoine/path_pkg'
[2.894s] INFO:colcon.colcon_core.shell:Skip shell extension 'powershell' for command environment: Not usable outside of PowerShell
[2.895s] DEBUG:colcon.colcon_core.shell:Skip shell extension 'dsv' for command environment
[3.237s] INFO:colcon.colcon_core.task.python.build:Building Python package in '/home/ubuntu/ros2_ws/src/2023_RoboticsAi2TI_goethuys_antoine/patrol_pkg'
[3.250s] INFO:colcon.colcon_core.shell:Skip shell extension 'powershell' for command environment: Not usable outside of PowerShell
[3.250s] DEBUG:colcon.colcon_core.shell:Skip shell extension 'dsv' for command environment
[3.554s] INFO:colcon.colcon_core.task.python.build:Building Python package in '/home/ubuntu/ros2_ws/src/2023_RoboticsAi2TI_goethuys_antoine/publisher_pkg'
[3.567s] INFO:colcon.colcon_core.shell:Skip shell extension 'powershell' for command environment: Not usable outside of PowerShell
[3.567s] DEBUG:colcon.colcon_core.shell:Skip shell extension 'dsv' for command environment
[3.850s] INFO:colcon.colcon_core.task.python.build:Building Python package in '/home/ubuntu/ros2_ws/src/2023_RoboticsAi2TI_goethuys_antoine/subpub_pkg'
[3.861s] INFO:colcon.colcon_core.shell:Skip shell extension 'powershell' for command environment: Not usable outside of PowerShell
[3.862s] DEBUG:colcon.colcon_core.shell:Skip shell extension 'dsv' for command environment
[4.150s] INFO:colcon.colcon_core.task.python.build:Building Python package in '/home/ubuntu/ros2_ws/src/2023_RoboticsAi2TI_goethuys_antoine/subscriber_pkg'
[4.162s] INFO:colcon.colcon_core.shell:Skip shell extension 'powershell' for command environment: Not usable outside of PowerShell
[4.162s] DEBUG:colcon.colcon_core.shell:Skip shell extension 'dsv' for command environment
[4.649s] DEBUG:colcon.colcon_core.event_handler.log_command:Invoking command in '/home/ubuntu/ros2_ws/src/2023_RoboticsAi2TI_goethuys_antoine/emergency_stop_pkg': PYTHONPATH=/home/ubuntu/ros2_ws/src/2023_RoboticsAi2TI_goethuys_antoine/build/emergency_stop_pkg/prefix_override:/home/ubuntu/ros2_ws/src/2023_RoboticsAi2TI_goethuys_antoine/install/emergency_stop_pkg/lib/python3.10/site-packages:${PYTHONPATH} /usr/bin/python3 setup.py egg_info --egg-base ../build/emergency_stop_pkg build --build-base /home/ubuntu/ros2_ws/src/2023_RoboticsAi2TI_goethuys_antoine/build/emergency_stop_pkg/build install --record /home/ubuntu/ros2_ws/src/2023_RoboticsAi2TI_goethuys_antoine/build/emergency_stop_pkg/install.log --single-version-externally-managed
[4.660s] DEBUG:colcon.colcon_core.event_handler.log_command:Invoking command in '/home/ubuntu/ros2_ws/src/2023_RoboticsAi2TI_goethuys_antoine/lidar_pkg': PYTHONPATH=/home/ubuntu/ros2_ws/src/2023_RoboticsAi2TI_goethuys_antoine/build/lidar_pkg/prefix_override:/home/ubuntu/ros2_ws/src/2023_RoboticsAi2TI_goethuys_antoine/install/lidar_pkg/lib/python3.10/site-packages:${PYTHONPATH} /usr/bin/python3 setup.py egg_info --egg-base ../build/lidar_pkg build --build-base /home/ubuntu/ros2_ws/src/2023_RoboticsAi2TI_goethuys_antoine/build/lidar_pkg/build install --record /home/ubuntu/ros2_ws/src/2023_RoboticsAi2TI_goethuys_antoine/build/lidar_pkg/install.log --single-version-externally-managed
[4.662s] DEBUG:colcon.colcon_core.event_handler.log_command:Invoking command in '/home/ubuntu/ros2_ws/src/2023_RoboticsAi2TI_goethuys_antoine/patrol_pkg': PYTHONPATH=/home/ubuntu/ros2_ws/src/2023_RoboticsAi2TI_goethuys_antoine/build/patrol_pkg/prefix_override:/home/ubuntu/ros2_ws/src/2023_RoboticsAi2TI_goethuys_antoine/install/patrol_pkg/lib/python3.10/site-packages:${PYTHONPATH} /usr/bin/python3 setup.py egg_info --egg-base ../build/patrol_pkg build --build-base /home/ubuntu/ros2_ws/src/2023_RoboticsAi2TI_goethuys_antoine/build/patrol_pkg/build install --record /home/ubuntu/ros2_ws/src/2023_RoboticsAi2TI_goethuys_antoine/build/patrol_pkg/install.log --single-version-externally-managed
[4.668s] DEBUG:colcon.colcon_core.event_handler.log_command:Invoking command in '/home/ubuntu/ros2_ws/src/2023_RoboticsAi2TI_goethuys_antoine/subpub_pkg': PYTHONPATH=/home/ubuntu/ros2_ws/src/2023_RoboticsAi2TI_goethuys_antoine/build/subpub_pkg/prefix_override:/home/ubuntu/ros2_ws/src/2023_RoboticsAi2TI_goethuys_antoine/install/subpub_pkg/lib/python3.10/site-packages:${PYTHONPATH} /usr/bin/python3 setup.py egg_info --egg-base ../build/subpub_pkg build --build-base /home/ubuntu/ros2_ws/src/2023_RoboticsAi2TI_goethuys_antoine/build/subpub_pkg/build install --record /home/ubuntu/ros2_ws/src/2023_RoboticsAi2TI_goethuys_antoine/build/subpub_pkg/install.log --single-version-externally-managed
[4.671s] DEBUG:colcon.colcon_core.event_handler.log_command:Invoking command in '/home/ubuntu/ros2_ws/src/2023_RoboticsAi2TI_goethuys_antoine/path_pkg': PYTHONPATH=/home/ubuntu/ros2_ws/src/2023_RoboticsAi2TI_goethuys_antoine/build/path_pkg/prefix_override:/home/ubuntu/ros2_ws/src/2023_RoboticsAi2TI_goethuys_antoine/install/path_pkg/lib/python3.10/site-packages:${PYTHONPATH} /usr/bin/python3 setup.py egg_info --egg-base ../build/path_pkg build --build-base /home/ubuntu/ros2_ws/src/2023_RoboticsAi2TI_goethuys_antoine/build/path_pkg/build install --record /home/ubuntu/ros2_ws/src/2023_RoboticsAi2TI_goethuys_antoine/build/path_pkg/install.log --single-version-externally-managed
[4.673s] DEBUG:colcon.colcon_core.event_handler.log_command:Invoking command in '/home/ubuntu/ros2_ws/src/2023_RoboticsAi2TI_goethuys_antoine/publisher_pkg': PYTHONPATH=/home/ubuntu/ros2_ws/src/2023_RoboticsAi2TI_goethuys_antoine/build/publisher_pkg/prefix_override:/home/ubuntu/ros2_ws/src/2023_RoboticsAi2TI_goethuys_antoine/install/publisher_pkg/lib/python3.10/site-packages:${PYTHONPATH} /usr/bin/python3 setup.py egg_info --egg-base ../build/publisher_pkg build --build-base /home/ubuntu/ros2_ws/src/2023_RoboticsAi2TI_goethuys_antoine/build/publisher_pkg/build install --record /home/ubuntu/ros2_ws/src/2023_RoboticsAi2TI_goethuys_antoine/build/publisher_pkg/install.log --single-version-externally-managed
[4.677s] DEBUG:colcon.colcon_core.event_handler.log_command:Invoking command in '/home/ubuntu/ros2_ws/src/2023_RoboticsAi2TI_goethuys_antoine/subscriber_pkg': PYTHONPATH=/home/ubuntu/ros2_ws/src/2023_RoboticsAi2TI_goethuys_antoine/build/subscriber_pkg/prefix_override:/home/ubuntu/ros2_ws/src/2023_RoboticsAi2TI_goethuys_antoine/install/subscriber_pkg/lib/python3.10/site-packages:${PYTHONPATH} /usr/bin/python3 setup.py egg_info --egg-base ../build/subscriber_pkg build --build-base /home/ubuntu/ros2_ws/src/2023_RoboticsAi2TI_goethuys_antoine/build/subscriber_pkg/build install --record /home/ubuntu/ros2_ws/src/2023_RoboticsAi2TI_goethuys_antoine/build/subscriber_pkg/install.log --single-version-externally-managed
[5.016s] DEBUG:colcon.colcon_core.event_handler.log_command:Invoked command in '/home/ubuntu/ros2_ws/src/2023_RoboticsAi2TI_goethuys_antoine/emergency_stop_pkg' returned '0': PYTHONPATH=/home/ubuntu/ros2_ws/src/2023_RoboticsAi2TI_goethuys_antoine/build/emergency_stop_pkg/prefix_override:/home/ubuntu/ros2_ws/src/2023_RoboticsAi2TI_goethuys_antoine/install/emergency_stop_pkg/lib/python3.10/site-packages:${PYTHONPATH} /usr/bin/python3 setup.py egg_info --egg-base ../build/emergency_stop_pkg build --build-base /home/ubuntu/ros2_ws/src/2023_RoboticsAi2TI_goethuys_antoine/build/emergency_stop_pkg/build install --record /home/ubuntu/ros2_ws/src/2023_RoboticsAi2TI_goethuys_antoine/build/emergency_stop_pkg/install.log --single-version-externally-managed
[5.036s] Level 1:colcon.colcon_core.environment:checking '/home/ubuntu/ros2_ws/src/2023_RoboticsAi2TI_goethuys_antoine/install/emergency_stop_pkg' for CMake module files
[5.036s] Level 1:colcon.colcon_core.environment:checking '/home/ubuntu/ros2_ws/src/2023_RoboticsAi2TI_goethuys_antoine/install/emergency_stop_pkg' for CMake config files
[5.037s] Level 1:colcon.colcon_core.environment:checking '/home/ubuntu/ros2_ws/src/2023_RoboticsAi2TI_goethuys_antoine/install/emergency_stop_pkg/lib'
[5.037s] Level 1:colcon.colcon_core.environment:checking '/home/ubuntu/ros2_ws/src/2023_RoboticsAi2TI_goethuys_antoine/install/emergency_stop_pkg/bin'
[5.037s] Level 1:colcon.colcon_core.environment:checking '/home/ubuntu/ros2_ws/src/2023_RoboticsAi2TI_goethuys_antoine/install/emergency_stop_pkg/lib/pkgconfig/emergency_stop_pkg.pc'
[5.038s] Level 1:colcon.colcon_core.environment:checking '/home/ubuntu/ros2_ws/src/2023_RoboticsAi2TI_goethuys_antoine/install/emergency_stop_pkg/lib/python3.10/site-packages'
[5.038s] Level 1:colcon.colcon_core.shell:create_environment_hook('emergency_stop_pkg', 'pythonpath')
[5.052s] INFO:colcon.colcon_core.shell:Creating environment hook '/home/ubuntu/ros2_ws/src/2023_RoboticsAi2TI_goethuys_antoine/install/emergency_stop_pkg/share/emergency_stop_pkg/hook/pythonpath.ps1'
[5.052s] INFO:colcon.colcon_core.shell:Creating environment descriptor '/home/ubuntu/ros2_ws/src/2023_RoboticsAi2TI_goethuys_antoine/install/emergency_stop_pkg/share/emergency_stop_pkg/hook/pythonpath.dsv'
[5.053s] INFO:colcon.colcon_core.shell:Creating environment hook '/home/ubuntu/ros2_ws/src/2023_RoboticsAi2TI_goethuys_antoine/install/emergency_stop_pkg/share/emergency_stop_pkg/hook/pythonpath.sh'
[5.053s] Level 1:colcon.colcon_core.environment:checking '/home/ubuntu/ros2_ws/src/2023_RoboticsAi2TI_goethuys_antoine/install/emergency_stop_pkg/bin'
[5.053s] Level 1:colcon.colcon_core.environment:create_environment_scripts_only(emergency_stop_pkg)
[5.066s] INFO:colcon.colcon_core.shell:Creating package script '/home/ubuntu/ros2_ws/src/2023_RoboticsAi2TI_goethuys_antoine/install/emergency_stop_pkg/share/emergency_stop_pkg/package.ps1'
[5.067s] INFO:colcon.colcon_core.shell:Creating package descriptor '/home/ubuntu/ros2_ws/src/2023_RoboticsAi2TI_goethuys_antoine/install/emergency_stop_pkg/share/emergency_stop_pkg/package.dsv'
[5.068s] INFO:colcon.colcon_core.shell:Creating package script '/home/ubuntu/ros2_ws/src/2023_RoboticsAi2TI_goethuys_antoine/install/emergency_stop_pkg/share/emergency_stop_pkg/package.sh'
[5.069s] INFO:colcon.colcon_core.shell:Creating package script '/home/ubuntu/ros2_ws/src/2023_RoboticsAi2TI_goethuys_antoine/install/emergency_stop_pkg/share/emergency_stop_pkg/package.bash'
[5.070s] INFO:colcon.colcon_core.shell:Creating package script '/home/ubuntu/ros2_ws/src/2023_RoboticsAi2TI_goethuys_antoine/install/emergency_stop_pkg/share/emergency_stop_pkg/package.zsh'
[5.071s] Level 1:colcon.colcon_core.environment:create_file_with_runtime_dependencies(/home/ubuntu/ros2_ws/src/2023_RoboticsAi2TI_goethuys_antoine/install/emergency_stop_pkg/share/colcon-core/packages/emergency_stop_pkg)
[5.074s] DEBUG:colcon.colcon_core.event_handler.log_command:Invoked command in '/home/ubuntu/ros2_ws/src/2023_RoboticsAi2TI_goethuys_antoine/path_pkg' returned '0': PYTHONPATH=/home/ubuntu/ros2_ws/src/2023_RoboticsAi2TI_goethuys_antoine/build/path_pkg/prefix_override:/home/ubuntu/ros2_ws/src/2023_RoboticsAi2TI_goethuys_antoine/install/path_pkg/lib/python3.10/site-packages:${PYTHONPATH} /usr/bin/python3 setup.py egg_info --egg-base ../build/path_pkg build --build-base /home/ubuntu/ros2_ws/src/2023_RoboticsAi2TI_goethuys_antoine/build/path_pkg/build install --record /home/ubuntu/ros2_ws/src/2023_RoboticsAi2TI_goethuys_antoine/build/path_pkg/install.log --single-version-externally-managed
[5.086s] Level 1:colcon.colcon_core.environment:checking '/home/ubuntu/ros2_ws/src/2023_RoboticsAi2TI_goethuys_antoine/install/path_pkg' for CMake module files
[5.086s] Level 1:colcon.colcon_core.environment:checking '/home/ubuntu/ros2_ws/src/2023_RoboticsAi2TI_goethuys_antoine/install/path_pkg' for CMake config files
[5.087s] Level 1:colcon.colcon_core.environment:checking '/home/ubuntu/ros2_ws/src/2023_RoboticsAi2TI_goethuys_antoine/install/path_pkg/lib'
[5.087s] Level 1:colcon.colcon_core.environment:checking '/home/ubuntu/ros2_ws/src/2023_RoboticsAi2TI_goethuys_antoine/install/path_pkg/bin'
[5.087s] Level 1:colcon.colcon_core.environment:checking '/home/ubuntu/ros2_ws/src/2023_RoboticsAi2TI_goethuys_antoine/install/path_pkg/lib/pkgconfig/path_pkg.pc'
[5.087s] Level 1:colcon.colcon_core.environment:checking '/home/ubuntu/ros2_ws/src/2023_RoboticsAi2TI_goethuys_antoine/install/path_pkg/lib/python3.10/site-packages'
[5.087s] Level 1:colcon.colcon_core.shell:create_environment_hook('path_pkg', 'pythonpath')
[5.100s] INFO:colcon.colcon_core.shell:Creating environment hook '/home/ubuntu/ros2_ws/src/2023_RoboticsAi2TI_goethuys_antoine/install/path_pkg/share/path_pkg/hook/pythonpath.ps1'
[5.100s] INFO:colcon.colcon_core.shell:Creating environment descriptor '/home/ubuntu/ros2_ws/src/2023_RoboticsAi2TI_goethuys_antoine/install/path_pkg/share/path_pkg/hook/pythonpath.dsv'
[5.101s] INFO:colcon.colcon_core.shell:Creating environment hook '/home/ubuntu/ros2_ws/src/2023_RoboticsAi2TI_goethuys_antoine/install/path_pkg/share/path_pkg/hook/pythonpath.sh'
[5.101s] Level 1:colcon.colcon_core.environment:checking '/home/ubuntu/ros2_ws/src/2023_RoboticsAi2TI_goethuys_antoine/install/path_pkg/bin'
[5.102s] Level 1:colcon.colcon_core.environment:create_environment_scripts_only(path_pkg)
[5.115s] INFO:colcon.colcon_core.shell:Creating package script '/home/ubuntu/ros2_ws/src/2023_RoboticsAi2TI_goethuys_antoine/install/path_pkg/share/path_pkg/package.ps1'
[5.116s] INFO:colcon.colcon_core.shell:Creating package descriptor '/home/ubuntu/ros2_ws/src/2023_RoboticsAi2TI_goethuys_antoine/install/path_pkg/share/path_pkg/package.dsv'
[5.116s] INFO:colcon.colcon_core.shell:Creating package script '/home/ubuntu/ros2_ws/src/2023_RoboticsAi2TI_goethuys_antoine/install/path_pkg/share/path_pkg/package.sh'
[5.116s] INFO:colcon.colcon_core.shell:Creating package script '/home/ubuntu/ros2_ws/src/2023_RoboticsAi2TI_goethuys_antoine/install/path_pkg/share/path_pkg/package.bash'
[5.116s] INFO:colcon.colcon_core.shell:Creating package script '/home/ubuntu/ros2_ws/src/2023_RoboticsAi2TI_goethuys_antoine/install/path_pkg/share/path_pkg/package.zsh'
[5.116s] Level 1:colcon.colcon_core.environment:create_file_with_runtime_dependencies(/home/ubuntu/ros2_ws/src/2023_RoboticsAi2TI_goethuys_antoine/install/path_pkg/share/colcon-core/packages/path_pkg)
[5.119s] DEBUG:colcon.colcon_core.event_handler.log_command:Invoked command in '/home/ubuntu/ros2_ws/src/2023_RoboticsAi2TI_goethuys_antoine/patrol_pkg' returned '0': PYTHONPATH=/home/ubuntu/ros2_ws/src/2023_RoboticsAi2TI_goethuys_antoine/build/patrol_pkg/prefix_override:/home/ubuntu/ros2_ws/src/2023_RoboticsAi2TI_goethuys_antoine/install/patrol_pkg/lib/python3.10/site-packages:${PYTHONPATH} /usr/bin/python3 setup.py egg_info --egg-base ../build/patrol_pkg build --build-base /home/ubuntu/ros2_ws/src/2023_RoboticsAi2TI_goethuys_antoine/build/patrol_pkg/build install --record /home/ubuntu/ros2_ws/src/2023_RoboticsAi2TI_goethuys_antoine/build/patrol_pkg/install.log --single-version-externally-managed
[5.131s] Level 1:colcon.colcon_core.environment:checking '/home/ubuntu/ros2_ws/src/2023_RoboticsAi2TI_goethuys_antoine/install/patrol_pkg' for CMake module files
[5.131s] Level 1:colcon.colcon_core.environment:checking '/home/ubuntu/ros2_ws/src/2023_RoboticsAi2TI_goethuys_antoine/install/patrol_pkg' for CMake config files
[5.131s] Level 1:colcon.colcon_core.environment:checking '/home/ubuntu/ros2_ws/src/2023_RoboticsAi2TI_goethuys_antoine/install/patrol_pkg/lib'
[5.131s] Level 1:colcon.colcon_core.environment:checking '/home/ubuntu/ros2_ws/src/2023_RoboticsAi2TI_goethuys_antoine/install/patrol_pkg/bin'
[5.132s] Level 1:colcon.colcon_core.environment:checking '/home/ubuntu/ros2_ws/src/2023_RoboticsAi2TI_goethuys_antoine/install/patrol_pkg/lib/pkgconfig/patrol_pkg.pc'
[5.132s] Level 1:colcon.colcon_core.environment:checking '/home/ubuntu/ros2_ws/src/2023_RoboticsAi2TI_goethuys_antoine/install/patrol_pkg/lib/python3.10/site-packages'
[5.132s] Level 1:colcon.colcon_core.shell:create_environment_hook('patrol_pkg', 'pythonpath')
[5.146s] INFO:colcon.colcon_core.shell:Creating environment hook '/home/ubuntu/ros2_ws/src/2023_RoboticsAi2TI_goethuys_antoine/install/patrol_pkg/share/patrol_pkg/hook/pythonpath.ps1'
[5.146s] INFO:colcon.colcon_core.shell:Creating environment descriptor '/home/ubuntu/ros2_ws/src/2023_RoboticsAi2TI_goethuys_antoine/install/patrol_pkg/share/patrol_pkg/hook/pythonpath.dsv'
[5.146s] INFO:colcon.colcon_core.shell:Creating environment hook '/home/ubuntu/ros2_ws/src/2023_RoboticsAi2TI_goethuys_antoine/install/patrol_pkg/share/patrol_pkg/hook/pythonpath.sh'
[5.147s] Level 1:colcon.colcon_core.environment:checking '/home/ubuntu/ros2_ws/src/2023_RoboticsAi2TI_goethuys_antoine/install/patrol_pkg/bin'
[5.147s] Level 1:colcon.colcon_core.environment:create_environment_scripts_only(patrol_pkg)
[5.159s] INFO:colcon.colcon_core.shell:Creating package script '/home/ubuntu/ros2_ws/src/2023_RoboticsAi2TI_goethuys_antoine/install/patrol_pkg/share/patrol_pkg/package.ps1'
[5.159s] INFO:colcon.colcon_core.shell:Creating package descriptor '/home/ubuntu/ros2_ws/src/2023_RoboticsAi2TI_goethuys_antoine/install/patrol_pkg/share/patrol_pkg/package.dsv'
[5.160s] INFO:colcon.colcon_core.shell:Creating package script '/home/ubuntu/ros2_ws/src/2023_RoboticsAi2TI_goethuys_antoine/install/patrol_pkg/share/patrol_pkg/package.sh'
[5.160s] INFO:colcon.colcon_core.shell:Creating package script '/home/ubuntu/ros2_ws/src/2023_RoboticsAi2TI_goethuys_antoine/install/patrol_pkg/share/patrol_pkg/package.bash'
[5.160s] INFO:colcon.colcon_core.shell:Creating package script '/home/ubuntu/ros2_ws/src/2023_RoboticsAi2TI_goethuys_antoine/install/patrol_pkg/share/patrol_pkg/package.zsh'
[5.160s] Level 1:colcon.colcon_core.environment:create_file_with_runtime_dependencies(/home/ubuntu/ros2_ws/src/2023_RoboticsAi2TI_goethuys_antoine/install/patrol_pkg/share/colcon-core/packages/patrol_pkg)
[5.163s] DEBUG:colcon.colcon_core.event_handler.log_command:Invoked command in '/home/ubuntu/ros2_ws/src/2023_RoboticsAi2TI_goethuys_antoine/publisher_pkg' returned '0': PYTHONPATH=/home/ubuntu/ros2_ws/src/2023_RoboticsAi2TI_goethuys_antoine/build/publisher_pkg/prefix_override:/home/ubuntu/ros2_ws/src/2023_RoboticsAi2TI_goethuys_antoine/install/publisher_pkg/lib/python3.10/site-packages:${PYTHONPATH} /usr/bin/python3 setup.py egg_info --egg-base ../build/publisher_pkg build --build-base /home/ubuntu/ros2_ws/src/2023_RoboticsAi2TI_goethuys_antoine/build/publisher_pkg/build install --record /home/ubuntu/ros2_ws/src/2023_RoboticsAi2TI_goethuys_antoine/build/publisher_pkg/install.log --single-version-externally-managed
[5.177s] Level 1:colcon.colcon_core.environment:checking '/home/ubuntu/ros2_ws/src/2023_RoboticsAi2TI_goethuys_antoine/install/publisher_pkg' for CMake module files
[5.178s] Level 1:colcon.colcon_core.environment:checking '/home/ubuntu/ros2_ws/src/2023_RoboticsAi2TI_goethuys_antoine/install/publisher_pkg' for CMake config files
[5.178s] Level 1:colcon.colcon_core.environment:checking '/home/ubuntu/ros2_ws/src/2023_RoboticsAi2TI_goethuys_antoine/install/publisher_pkg/lib'
[5.178s] Level 1:colcon.colcon_core.environment:checking '/home/ubuntu/ros2_ws/src/2023_RoboticsAi2TI_goethuys_antoine/install/publisher_pkg/bin'
[5.178s] Level 1:colcon.colcon_core.environment:checking '/home/ubuntu/ros2_ws/src/2023_RoboticsAi2TI_goethuys_antoine/install/publisher_pkg/lib/pkgconfig/publisher_pkg.pc'
[5.179s] Level 1:colcon.colcon_core.environment:checking '/home/ubuntu/ros2_ws/src/2023_RoboticsAi2TI_goethuys_antoine/install/publisher_pkg/lib/python3.10/site-packages'
[5.179s] Level 1:colcon.colcon_core.shell:create_environment_hook('publisher_pkg', 'pythonpath')
[5.191s] INFO:colcon.colcon_core.shell:Creating environment hook '/home/ubuntu/ros2_ws/src/2023_RoboticsAi2TI_goethuys_antoine/install/publisher_pkg/share/publisher_pkg/hook/pythonpath.ps1'
[5.192s] INFO:colcon.colcon_core.shell:Creating environment descriptor '/home/ubuntu/ros2_ws/src/2023_RoboticsAi2TI_goethuys_antoine/install/publisher_pkg/share/publisher_pkg/hook/pythonpath.dsv'
[5.192s] INFO:colcon.colcon_core.shell:Creating environment hook '/home/ubuntu/ros2_ws/src/2023_RoboticsAi2TI_goethuys_antoine/install/publisher_pkg/share/publisher_pkg/hook/pythonpath.sh'
[5.193s] Level 1:colcon.colcon_core.environment:checking '/home/ubuntu/ros2_ws/src/2023_RoboticsAi2TI_goethuys_antoine/install/publisher_pkg/bin'
[5.193s] Level 1:colcon.colcon_core.environment:create_environment_scripts_only(publisher_pkg)
[5.206s] INFO:colcon.colcon_core.shell:Creating package script '/home/ubuntu/ros2_ws/src/2023_RoboticsAi2TI_goethuys_antoine/install/publisher_pkg/share/publisher_pkg/package.ps1'
[5.207s] INFO:colcon.colcon_core.shell:Creating package descriptor '/home/ubuntu/ros2_ws/src/2023_RoboticsAi2TI_goethuys_antoine/install/publisher_pkg/share/publisher_pkg/package.dsv'
[5.207s] INFO:colcon.colcon_core.shell:Creating package script '/home/ubuntu/ros2_ws/src/2023_RoboticsAi2TI_goethuys_antoine/install/publisher_pkg/share/publisher_pkg/package.sh'
[5.208s] INFO:colcon.colcon_core.shell:Creating package script '/home/ubuntu/ros2_ws/src/2023_RoboticsAi2TI_goethuys_antoine/install/publisher_pkg/share/publisher_pkg/package.bash'
[5.208s] INFO:colcon.colcon_core.shell:Creating package script '/home/ubuntu/ros2_ws/src/2023_RoboticsAi2TI_goethuys_antoine/install/publisher_pkg/share/publisher_pkg/package.zsh'
[5.208s] Level 1:colcon.colcon_core.environment:create_file_with_runtime_dependencies(/home/ubuntu/ros2_ws/src/2023_RoboticsAi2TI_goethuys_antoine/install/publisher_pkg/share/colcon-core/packages/publisher_pkg)
[5.211s] DEBUG:colcon.colcon_core.event_handler.log_command:Invoked command in '/home/ubuntu/ros2_ws/src/2023_RoboticsAi2TI_goethuys_antoine/subpub_pkg' returned '0': PYTHONPATH=/home/ubuntu/ros2_ws/src/2023_RoboticsAi2TI_goethuys_antoine/build/subpub_pkg/prefix_override:/home/ubuntu/ros2_ws/src/2023_RoboticsAi2TI_goethuys_antoine/install/subpub_pkg/lib/python3.10/site-packages:${PYTHONPATH} /usr/bin/python3 setup.py egg_info --egg-base ../build/subpub_pkg build --build-base /home/ubuntu/ros2_ws/src/2023_RoboticsAi2TI_goethuys_antoine/build/subpub_pkg/build install --record /home/ubuntu/ros2_ws/src/2023_RoboticsAi2TI_goethuys_antoine/build/subpub_pkg/install.log --single-version-externally-managed
[5.225s] Level 1:colcon.colcon_core.environment:checking '/home/ubuntu/ros2_ws/src/2023_RoboticsAi2TI_goethuys_antoine/install/subpub_pkg' for CMake module files
[5.225s] Level 1:colcon.colcon_core.environment:checking '/home/ubuntu/ros2_ws/src/2023_RoboticsAi2TI_goethuys_antoine/install/subpub_pkg' for CMake config files
[5.226s] Level 1:colcon.colcon_core.environment:checking '/home/ubuntu/ros2_ws/src/2023_RoboticsAi2TI_goethuys_antoine/install/subpub_pkg/lib'
[5.226s] Level 1:colcon.colcon_core.environment:checking '/home/ubuntu/ros2_ws/src/2023_RoboticsAi2TI_goethuys_antoine/install/subpub_pkg/bin'
[5.226s] Level 1:colcon.colcon_core.environment:checking '/home/ubuntu/ros2_ws/src/2023_RoboticsAi2TI_goethuys_antoine/install/subpub_pkg/lib/pkgconfig/subpub_pkg.pc'
[5.226s] Level 1:colcon.colcon_core.environment:checking '/home/ubuntu/ros2_ws/src/2023_RoboticsAi2TI_goethuys_antoine/install/subpub_pkg/lib/python3.10/site-packages'
[5.226s] Level 1:colcon.colcon_core.shell:create_environment_hook('subpub_pkg', 'pythonpath')
[5.238s] INFO:colcon.colcon_core.shell:Creating environment hook '/home/ubuntu/ros2_ws/src/2023_RoboticsAi2TI_goethuys_antoine/install/subpub_pkg/share/subpub_pkg/hook/pythonpath.ps1'
[5.239s] INFO:colcon.colcon_core.shell:Creating environment descriptor '/home/ubuntu/ros2_ws/src/2023_RoboticsAi2TI_goethuys_antoine/install/subpub_pkg/share/subpub_pkg/hook/pythonpath.dsv'
[5.239s] INFO:colcon.colcon_core.shell:Creating environment hook '/home/ubuntu/ros2_ws/src/2023_RoboticsAi2TI_goethuys_antoine/install/subpub_pkg/share/subpub_pkg/hook/pythonpath.sh'
[5.239s] Level 1:colcon.colcon_core.environment:checking '/home/ubuntu/ros2_ws/src/2023_RoboticsAi2TI_goethuys_antoine/install/subpub_pkg/bin'
[5.239s] Level 1:colcon.colcon_core.environment:create_environment_scripts_only(subpub_pkg)
[5.251s] INFO:colcon.colcon_core.shell:Creating package script '/home/ubuntu/ros2_ws/src/2023_RoboticsAi2TI_goethuys_antoine/install/subpub_pkg/share/subpub_pkg/package.ps1'
[5.252s] INFO:colcon.colcon_core.shell:Creating package descriptor '/home/ubuntu/ros2_ws/src/2023_RoboticsAi2TI_goethuys_antoine/install/subpub_pkg/share/subpub_pkg/package.dsv'
[5.252s] INFO:colcon.colcon_core.shell:Creating package script '/home/ubuntu/ros2_ws/src/2023_RoboticsAi2TI_goethuys_antoine/install/subpub_pkg/share/subpub_pkg/package.sh'
[5.252s] INFO:colcon.colcon_core.shell:Creating package script '/home/ubuntu/ros2_ws/src/2023_RoboticsAi2TI_goethuys_antoine/install/subpub_pkg/share/subpub_pkg/package.bash'
[5.253s] INFO:colcon.colcon_core.shell:Creating package script '/home/ubuntu/ros2_ws/src/2023_RoboticsAi2TI_goethuys_antoine/install/subpub_pkg/share/subpub_pkg/package.zsh'
[5.253s] Level 1:colcon.colcon_core.environment:create_file_with_runtime_dependencies(/home/ubuntu/ros2_ws/src/2023_RoboticsAi2TI_goethuys_antoine/install/subpub_pkg/share/colcon-core/packages/subpub_pkg)
[5.255s] DEBUG:colcon.colcon_core.event_handler.log_command:Invoked command in '/home/ubuntu/ros2_ws/src/2023_RoboticsAi2TI_goethuys_antoine/subscriber_pkg' returned '0': PYTHONPATH=/home/ubuntu/ros2_ws/src/2023_RoboticsAi2TI_goethuys_antoine/build/subscriber_pkg/prefix_override:/home/ubuntu/ros2_ws/src/2023_RoboticsAi2TI_goethuys_antoine/install/subscriber_pkg/lib/python3.10/site-packages:${PYTHONPATH} /usr/bin/python3 setup.py egg_info --egg-base ../build/subscriber_pkg build --build-base /home/ubuntu/ros2_ws/src/2023_RoboticsAi2TI_goethuys_antoine/build/subscriber_pkg/build install --record /home/ubuntu/ros2_ws/src/2023_RoboticsAi2TI_goethuys_antoine/build/subscriber_pkg/install.log --single-version-externally-managed
[5.266s] Level 1:colcon.colcon_core.environment:checking '/home/ubuntu/ros2_ws/src/2023_RoboticsAi2TI_goethuys_antoine/install/subscriber_pkg' for CMake module files
[5.267s] Level 1:colcon.colcon_core.environment:checking '/home/ubuntu/ros2_ws/src/2023_RoboticsAi2TI_goethuys_antoine/install/subscriber_pkg' for CMake config files
[5.267s] Level 1:colcon.colcon_core.environment:checking '/home/ubuntu/ros2_ws/src/2023_RoboticsAi2TI_goethuys_antoine/install/subscriber_pkg/lib'
[5.267s] Level 1:colcon.colcon_core.environment:checking '/home/ubuntu/ros2_ws/src/2023_RoboticsAi2TI_goethuys_antoine/install/subscriber_pkg/bin'
[5.267s] Level 1:colcon.colcon_core.environment:checking '/home/ubuntu/ros2_ws/src/2023_RoboticsAi2TI_goethuys_antoine/install/subscriber_pkg/lib/pkgconfig/subscriber_pkg.pc'
[5.268s] Level 1:colcon.colcon_core.environment:checking '/home/ubuntu/ros2_ws/src/2023_RoboticsAi2TI_goethuys_antoine/install/subscriber_pkg/lib/python3.10/site-packages'
[5.268s] Level 1:colcon.colcon_core.shell:create_environment_hook('subscriber_pkg', 'pythonpath')
[5.280s] INFO:colcon.colcon_core.shell:Creating environment hook '/home/ubuntu/ros2_ws/src/2023_RoboticsAi2TI_goethuys_antoine/install/subscriber_pkg/share/subscriber_pkg/hook/pythonpath.ps1'
[5.280s] INFO:colcon.colcon_core.shell:Creating environment descriptor '/home/ubuntu/ros2_ws/src/2023_RoboticsAi2TI_goethuys_antoine/install/subscriber_pkg/share/subscriber_pkg/hook/pythonpath.dsv'
[5.280s] INFO:colcon.colcon_core.shell:Creating environment hook '/home/ubuntu/ros2_ws/src/2023_RoboticsAi2TI_goethuys_antoine/install/subscriber_pkg/share/subscriber_pkg/hook/pythonpath.sh'
[5.281s] Level 1:colcon.colcon_core.environment:checking '/home/ubuntu/ros2_ws/src/2023_RoboticsAi2TI_goethuys_antoine/install/subscriber_pkg/bin'
[5.281s] Level 1:colcon.colcon_core.environment:create_environment_scripts_only(subscriber_pkg)
[5.293s] INFO:colcon.colcon_core.shell:Creating package script '/home/ubuntu/ros2_ws/src/2023_RoboticsAi2TI_goethuys_antoine/install/subscriber_pkg/share/subscriber_pkg/package.ps1'
[5.294s] INFO:colcon.colcon_core.shell:Creating package descriptor '/home/ubuntu/ros2_ws/src/2023_RoboticsAi2TI_goethuys_antoine/install/subscriber_pkg/share/subscriber_pkg/package.dsv'
[5.294s] INFO:colcon.colcon_core.shell:Creating package script '/home/ubuntu/ros2_ws/src/2023_RoboticsAi2TI_goethuys_antoine/install/subscriber_pkg/share/subscriber_pkg/package.sh'
[5.294s] INFO:colcon.colcon_core.shell:Creating package script '/home/ubuntu/ros2_ws/src/2023_RoboticsAi2TI_goethuys_antoine/install/subscriber_pkg/share/subscriber_pkg/package.bash'
[5.294s] INFO:colcon.colcon_core.shell:Creating package script '/home/ubuntu/ros2_ws/src/2023_RoboticsAi2TI_goethuys_antoine/install/subscriber_pkg/share/subscriber_pkg/package.zsh'
[5.295s] Level 1:colcon.colcon_core.environment:create_file_with_runtime_dependencies(/home/ubuntu/ros2_ws/src/2023_RoboticsAi2TI_goethuys_antoine/install/subscriber_pkg/share/colcon-core/packages/subscriber_pkg)
[5.296s] DEBUG:colcon.colcon_core.event_handler.log_command:Invoked command in '/home/ubuntu/ros2_ws/src/2023_RoboticsAi2TI_goethuys_antoine/lidar_pkg' returned '0': PYTHONPATH=/home/ubuntu/ros2_ws/src/2023_RoboticsAi2TI_goethuys_antoine/build/lidar_pkg/prefix_override:/home/ubuntu/ros2_ws/src/2023_RoboticsAi2TI_goethuys_antoine/install/lidar_pkg/lib/python3.10/site-packages:${PYTHONPATH} /usr/bin/python3 setup.py egg_info --egg-base ../build/lidar_pkg build --build-base /home/ubuntu/ros2_ws/src/2023_RoboticsAi2TI_goethuys_antoine/build/lidar_pkg/build install --record /home/ubuntu/ros2_ws/src/2023_RoboticsAi2TI_goethuys_antoine/build/lidar_pkg/install.log --single-version-externally-managed
[5.308s] Level 1:colcon.colcon_core.environment:checking '/home/ubuntu/ros2_ws/src/2023_RoboticsAi2TI_goethuys_antoine/install/lidar_pkg' for CMake module files
[5.308s] Level 1:colcon.colcon_core.environment:checking '/home/ubuntu/ros2_ws/src/2023_RoboticsAi2TI_goethuys_antoine/install/lidar_pkg' for CMake config files
[5.309s] Level 1:colcon.colcon_core.environment:checking '/home/ubuntu/ros2_ws/src/2023_RoboticsAi2TI_goethuys_antoine/install/lidar_pkg/lib'
[5.309s] Level 1:colcon.colcon_core.environment:checking '/home/ubuntu/ros2_ws/src/2023_RoboticsAi2TI_goethuys_antoine/install/lidar_pkg/bin'
[5.309s] Level 1:colcon.colcon_core.environment:checking '/home/ubuntu/ros2_ws/src/2023_RoboticsAi2TI_goethuys_antoine/install/lidar_pkg/lib/pkgconfig/lidar_pkg.pc'
[5.309s] Level 1:colcon.colcon_core.environment:checking '/home/ubuntu/ros2_ws/src/2023_RoboticsAi2TI_goethuys_antoine/install/lidar_pkg/lib/python3.10/site-packages'
[5.309s] Level 1:colcon.colcon_core.shell:create_environment_hook('lidar_pkg', 'pythonpath')
[5.321s] INFO:colcon.colcon_core.shell:Creating environment hook '/home/ubuntu/ros2_ws/src/2023_RoboticsAi2TI_goethuys_antoine/install/lidar_pkg/share/lidar_pkg/hook/pythonpath.ps1'
[5.322s] INFO:colcon.colcon_core.shell:Creating environment descriptor '/home/ubuntu/ros2_ws/src/2023_RoboticsAi2TI_goethuys_antoine/install/lidar_pkg/share/lidar_pkg/hook/pythonpath.dsv'
[5.322s] INFO:colcon.colcon_core.shell:Creating environment hook '/home/ubuntu/ros2_ws/src/2023_RoboticsAi2TI_goethuys_antoine/install/lidar_pkg/share/lidar_pkg/hook/pythonpath.sh'
[5.322s] Level 1:colcon.colcon_core.environment:checking '/home/ubuntu/ros2_ws/src/2023_RoboticsAi2TI_goethuys_antoine/install/lidar_pkg/bin'
[5.323s] Level 1:colcon.colcon_core.environment:create_environment_scripts_only(lidar_pkg)
[5.335s] INFO:colcon.colcon_core.shell:Creating package script '/home/ubuntu/ros2_ws/src/2023_RoboticsAi2TI_goethuys_antoine/install/lidar_pkg/share/lidar_pkg/package.ps1'
[5.335s] INFO:colcon.colcon_core.shell:Creating package descriptor '/home/ubuntu/ros2_ws/src/2023_RoboticsAi2TI_goethuys_antoine/install/lidar_pkg/share/lidar_pkg/package.dsv'
[5.335s] INFO:colcon.colcon_core.shell:Creating package script '/home/ubuntu/ros2_ws/src/2023_RoboticsAi2TI_goethuys_antoine/install/lidar_pkg/share/lidar_pkg/package.sh'
[5.336s] INFO:colcon.colcon_core.shell:Creating package script '/home/ubuntu/ros2_ws/src/2023_RoboticsAi2TI_goethuys_antoine/install/lidar_pkg/share/lidar_pkg/package.bash'
[5.336s] INFO:colcon.colcon_core.shell:Creating package script '/home/ubuntu/ros2_ws/src/2023_RoboticsAi2TI_goethuys_antoine/install/lidar_pkg/share/lidar_pkg/package.zsh'
[5.336s] Level 1:colcon.colcon_core.environment:create_file_with_runtime_dependencies(/home/ubuntu/ros2_ws/src/2023_RoboticsAi2TI_goethuys_antoine/install/lidar_pkg/share/colcon-core/packages/lidar_pkg)
[5.336s] DEBUG:colcon.colcon_parallel_executor.executor.parallel:closing loop
[5.337s] DEBUG:colcon.colcon_parallel_executor.executor.parallel:loop closed
[5.337s] DEBUG:colcon.colcon_parallel_executor.executor.parallel:run_until_complete finished with '0'
[5.337s] DEBUG:colcon.colcon_core.event_reactor:joining thread
[5.377s] INFO:colcon.colcon_core.plugin_system:Skipping extension 'colcon_notification.desktop_notification.terminal_notifier': Not used on non-Darwin systems
[5.377s] INFO:colcon.colcon_core.plugin_system:Skipping extension 'colcon_notification.desktop_notification.win32': Not used on non-Windows systems
[5.377s] INFO:colcon.colcon_notification.desktop_notification:Sending desktop notification using 'notify2'
[5.391s] DEBUG:colcon.colcon_core.event_reactor:joined thread
[5.404s] INFO:colcon.colcon_core.shell:Creating prefix script '/home/ubuntu/ros2_ws/src/2023_RoboticsAi2TI_goethuys_antoine/install/local_setup.ps1'
[5.405s] INFO:colcon.colcon_core.shell:Creating prefix util module '/home/ubuntu/ros2_ws/src/2023_RoboticsAi2TI_goethuys_antoine/install/_local_setup_util_ps1.py'
[5.406s] INFO:colcon.colcon_core.shell:Creating prefix chain script '/home/ubuntu/ros2_ws/src/2023_RoboticsAi2TI_goethuys_antoine/install/setup.ps1'
[5.419s] INFO:colcon.colcon_core.shell:Creating prefix script '/home/ubuntu/ros2_ws/src/2023_RoboticsAi2TI_goethuys_antoine/install/local_setup.sh'
[5.419s] INFO:colcon.colcon_core.shell:Creating prefix util module '/home/ubuntu/ros2_ws/src/2023_RoboticsAi2TI_goethuys_antoine/install/_local_setup_util_sh.py'
[5.420s] INFO:colcon.colcon_core.shell:Creating prefix chain script '/home/ubuntu/ros2_ws/src/2023_RoboticsAi2TI_goethuys_antoine/install/setup.sh'
[5.433s] INFO:colcon.colcon_core.shell:Creating prefix script '/home/ubuntu/ros2_ws/src/2023_RoboticsAi2TI_goethuys_antoine/install/local_setup.bash'
[5.433s] INFO:colcon.colcon_core.shell:Creating prefix chain script '/home/ubuntu/ros2_ws/src/2023_RoboticsAi2TI_goethuys_antoine/install/setup.bash'
[5.463s] INFO:colcon.colcon_core.shell:Creating prefix script '/home/ubuntu/ros2_ws/src/2023_RoboticsAi2TI_goethuys_antoine/install/local_setup.zsh'
[5.464s] INFO:colcon.colcon_core.shell:Creating prefix chain script '/home/ubuntu/ros2_ws/src/2023_RoboticsAi2TI_goethuys_antoine/install/setup.zsh'
