[3.204s] Invoking command in '/home/ubuntu/ros2_ws/src/2023_RoboticsAi2TI_goethuys_antoine/lidar_pkg': PYTHONPATH=/home/ubuntu/ros2_ws/src/2023_RoboticsAi2TI_goethuys_antoine/build/lidar_pkg/prefix_override:/home/ubuntu/ros2_ws/src/2023_RoboticsAi2TI_goethuys_antoine/install/lidar_pkg/lib/python3.10/site-packages:${PYTHONPATH} /usr/bin/python3 setup.py egg_info --egg-base ../build/lidar_pkg build --build-base /home/ubuntu/ros2_ws/src/2023_RoboticsAi2TI_goethuys_antoine/build/lidar_pkg/build install --record /home/ubuntu/ros2_ws/src/2023_RoboticsAi2TI_goethuys_antoine/build/lidar_pkg/install.log --single-version-externally-managed
[3.496s] running egg_info
[3.497s] writing ../build/lidar_pkg/lidar_pkg.egg-info/PKG-INFO
[3.497s] writing dependency_links to ../build/lidar_pkg/lidar_pkg.egg-info/dependency_links.txt
[3.497s] writing entry points to ../build/lidar_pkg/lidar_pkg.egg-info/entry_points.txt
[3.498s] writing requirements to ../build/lidar_pkg/lidar_pkg.egg-info/requires.txt
[3.498s] writing top-level names to ../build/lidar_pkg/lidar_pkg.egg-info/top_level.txt
[3.500s] reading manifest file '../build/lidar_pkg/lidar_pkg.egg-info/SOURCES.txt'
[3.501s] writing manifest file '../build/lidar_pkg/lidar_pkg.egg-info/SOURCES.txt'
[3.501s] running build
[3.501s] running build_py
[3.501s] running install
[3.502s] running install_lib
[3.503s] running install_data
[3.504s] running install_egg_info
[3.505s] removing '/home/ubuntu/ros2_ws/src/2023_RoboticsAi2TI_goethuys_antoine/install/lidar_pkg/lib/python3.10/site-packages/lidar_pkg-0.0.0-py3.10.egg-info' (and everything under it)
[3.506s] Copying ../build/lidar_pkg/lidar_pkg.egg-info to /home/ubuntu/ros2_ws/src/2023_RoboticsAi2TI_goethuys_antoine/install/lidar_pkg/lib/python3.10/site-packages/lidar_pkg-0.0.0-py3.10.egg-info
[3.507s] running install_scripts
[3.530s] Installing lidar script to /home/ubuntu/ros2_ws/src/2023_RoboticsAi2TI_goethuys_antoine/install/lidar_pkg/lib/lidar_pkg
[3.530s] writing list of installed files to '/home/ubuntu/ros2_ws/src/2023_RoboticsAi2TI_goethuys_antoine/build/lidar_pkg/install.log'
[3.842s] Invoked command in '/home/ubuntu/ros2_ws/src/2023_RoboticsAi2TI_goethuys_antoine/lidar_pkg' returned '0': PYTHONPATH=/home/ubuntu/ros2_ws/src/2023_RoboticsAi2TI_goethuys_antoine/build/lidar_pkg/prefix_override:/home/ubuntu/ros2_ws/src/2023_RoboticsAi2TI_goethuys_antoine/install/lidar_pkg/lib/python3.10/site-packages:${PYTHONPATH} /usr/bin/python3 setup.py egg_info --egg-base ../build/lidar_pkg build --build-base /home/ubuntu/ros2_ws/src/2023_RoboticsAi2TI_goethuys_antoine/build/lidar_pkg/build install --record /home/ubuntu/ros2_ws/src/2023_RoboticsAi2TI_goethuys_antoine/build/lidar_pkg/install.log --single-version-externally-managed
